#
# There is insufficient memory for the Java Runtime Environment to continue.
# Native memory allocation (malloc) failed to allocate 1382672 bytes. Error detail: Chunk::new
# Possible reasons:
#   The system is out of physical RAM or swap space
#   This process is running with CompressedOops enabled, and the Java Heap may be blocking the growth of the native heap
# Possible solutions:
#   Reduce memory load on the system
#   Increase physical memory or swap space
#   Check if swap backing store is full
#   Decrease Java heap size (-Xmx/-Xms)
#   Decrease number of Java threads
#   Decrease Java thread stack sizes (-Xss)
#   Set larger code cache with -XX:ReservedCodeCacheSize=
#   JVM is running with Unscaled Compressed Oops mode in which the Java heap is
#     placed in the first 4GB address space. The Java Heap base address is the
#     maximum limit for the native heap growth. Please use -XX:HeapBaseMinAddress
#     to set the Java Heap base and to place the Java Heap above 4GB virtual address.
# This output file may be truncated or incomplete.
#
#  Out of Memory Error (arena.cpp:168), pid=5748, tid=6096
#
# JRE version: OpenJDK Runtime Environment Temurin-21.0.6+7 (21.0.6+7) (build 21.0.6+7-LTS)
# Java VM: OpenJDK 64-Bit Server VM Temurin-21.0.6+7 (21.0.6+7-LTS, mixed mode, sharing, tiered, compressed oops, compressed class ptrs, parallel gc, windows-amd64)
# No core dump will be written. Minidumps are not enabled by default on client versions of Windows
#

---------------  S U M M A R Y ------------

Command Line: --add-modules=ALL-SYSTEM --add-opens=java.base/java.util=ALL-UNNAMED --add-opens=java.base/java.lang=ALL-UNNAMED --add-opens=java.base/sun.nio.fs=ALL-UNNAMED -Declipse.application=org.eclipse.jdt.ls.core.id1 -Dosgi.bundles.defaultStartLevel=4 -Declipse.product=org.eclipse.jdt.ls.core.product -Djava.import.generatesMetadataFilesAtProjectRoot=false -DDetectVMInstallationsJob.disabled=true -Dfile.encoding=utf8 -XX:+UseParallelGC -XX:GCTimeRatio=4 -XX:AdaptiveSizePolicyWeight=90 -Dsun.zip.disableMemoryMapping=true -Xmx1G -Xms100m -Xlog:disable -javaagent:c:\Users\VoTha\.vscode\extensions\redhat.java-1.41.1-win32-x64\lombok\lombok-1.18.36.jar -XX:+HeapDumpOnOutOfMemoryError -XX:HeapDumpPath=c:\Users\VoTha\AppData\Roaming\Code\User\workspaceStorage\8a37e1c9b80832475a9bb2756c029f45\redhat.java -Daether.dependencyCollector.impl=bf c:\Users\VoTha\.vscode\extensions\redhat.java-1.41.1-win32-x64\server\plugins\org.eclipse.equinox.launcher_1.7.0.v20250331-1702.jar -configuration c:\Users\VoTha\AppData\Roaming\Code\User\globalStorage\redhat.java\1.41.1\config_win -data c:\Users\VoTha\AppData\Roaming\Code\User\workspaceStorage\8a37e1c9b80832475a9bb2756c029f45\redhat.java\jdt_ws --pipe=\\.\pipe\lsp-c5385db19278a6b7f41122a664a12e0c-sock

Host: Intel(R) Xeon(R) Gold 6442Y, 4 cores, 7G,  Windows 10 , 64 bit Build 19041 (10.0.19041.5438)
Time: Thu May 15 12:31:40 2025 SE Asia Standard Time elapsed time: 58.613793 seconds (0d 0h 0m 58s)

---------------  T H R E A D  ---------------

Current thread (0x0000017247cfc3f0):  JavaThread "C2 CompilerThread0" daemon [_thread_in_native, id=6096, stack(0x0000003354400000,0x0000003354500000) (1024K)]


Current CompileTask:
C2:58613 14086  s!   4       org.eclipse.jdt.internal.core.index.DiskIndex::readCategoryTable (743 bytes)

Stack: [0x0000003354400000,0x0000003354500000]
Native frames: (J=compiled Java code, j=interpreted, Vv=VM code, C=native code)
V  [jvm.dll+0x6cdee9]
V  [jvm.dll+0x8a83d1]
V  [jvm.dll+0x8aa8fe]
V  [jvm.dll+0x8aafe3]
V  [jvm.dll+0x27f706]
V  [jvm.dll+0xc500d]
V  [jvm.dll+0xc5543]
V  [jvm.dll+0x3b678c]
V  [jvm.dll+0x1e0009]
V  [jvm.dll+0x247b42]
V  [jvm.dll+0x246fcf]
V  [jvm.dll+0x1c75ee]
V  [jvm.dll+0x25685a]
V  [jvm.dll+0x254dfa]
V  [jvm.dll+0x3f0256]
V  [jvm.dll+0x851f8b]
V  [jvm.dll+0x6cc5ed]
C  [ucrtbase.dll+0x21bb2]
C  [KERNEL32.DLL+0x17374]
C  [ntdll.dll+0x4cc91]


---------------  P R O C E S S  ---------------

Threads class SMR info:
_java_thread_list=0x00000172920d8140, length=47, elements={
0x000001723163af10, 0x0000017247cda0a0, 0x0000017247cdafb0, 0x0000017247ce0790,
0x0000017247ce44c0, 0x0000017247cea1c0, 0x0000017247cef590, 0x0000017247cfc3f0,
0x0000017247cfcf30, 0x0000017289b01f80, 0x0000017289d831a0, 0x000001728e6c5210,
0x000001728e4c1ad0, 0x000001728e8184e0, 0x000001728e8190d0, 0x000001728eaa4fe0,
0x000001728eeb7420, 0x000001728eafd6d0, 0x000001728eafbc90, 0x000001728eafc320,
0x000001728eafaf70, 0x000001728eafdd60, 0x000001728eafc9b0, 0x000001728eafd040,
0x000001728eafe3f0, 0x000001728eafb600, 0x000001728edb0890, 0x000001728edb4a30,
0x000001728edb2960, 0x000001728edb50c0, 0x000001728edb2ff0, 0x000001728edb0200,
0x000001728edb0f20, 0x000001728edb3680, 0x000001728edb3d10, 0x000001728edb15b0,
0x000001728edb43a0, 0x000001728edb1c40, 0x000001728edb22d0, 0x000001728edaf4e0,
0x000001728edb5750, 0x000001728edb5de0, 0x000001728edaee50, 0x000001728edb6470,
0x000001729cd33be0, 0x000001729cd32ec0, 0x000001729cd31b10
}

Java Threads: ( => current thread )
  0x000001723163af10 JavaThread "main"                              [_thread_blocked, id=19528, stack(0x0000003353a00000,0x0000003353b00000) (1024K)]
  0x0000017247cda0a0 JavaThread "Reference Handler"          daemon [_thread_blocked, id=14140, stack(0x0000003353e00000,0x0000003353f00000) (1024K)]
  0x0000017247cdafb0 JavaThread "Finalizer"                  daemon [_thread_blocked, id=17760, stack(0x0000003353f00000,0x0000003354000000) (1024K)]
  0x0000017247ce0790 JavaThread "Signal Dispatcher"          daemon [_thread_blocked, id=18688, stack(0x0000003354000000,0x0000003354100000) (1024K)]
  0x0000017247ce44c0 JavaThread "Attach Listener"            daemon [_thread_blocked, id=18788, stack(0x0000003354100000,0x0000003354200000) (1024K)]
  0x0000017247cea1c0 JavaThread "Service Thread"             daemon [_thread_blocked, id=16452, stack(0x0000003354200000,0x0000003354300000) (1024K)]
  0x0000017247cef590 JavaThread "Monitor Deflation Thread"   daemon [_thread_blocked, id=21320, stack(0x0000003354300000,0x0000003354400000) (1024K)]
=>0x0000017247cfc3f0 JavaThread "C2 CompilerThread0"         daemon [_thread_in_native, id=6096, stack(0x0000003354400000,0x0000003354500000) (1024K)]
  0x0000017247cfcf30 JavaThread "C1 CompilerThread0"         daemon [_thread_blocked, id=8316, stack(0x0000003354500000,0x0000003354600000) (1024K)]
  0x0000017289b01f80 JavaThread "Common-Cleaner"             daemon [_thread_blocked, id=20052, stack(0x0000003354600000,0x0000003354700000) (1024K)]
  0x0000017289d831a0 JavaThread "Notification Thread"        daemon [_thread_blocked, id=16164, stack(0x0000003354800000,0x0000003354900000) (1024K)]
  0x000001728e6c5210 JavaThread "Active Thread: Equinox Container: 39441362-053e-4209-8035-825a58d7b5dc"        [_thread_blocked, id=17888, stack(0x0000003354c00000,0x0000003354d00000) (1024K)]
  0x000001728e4c1ad0 JavaThread "Refresh Thread: Equinox Container: 39441362-053e-4209-8035-825a58d7b5dc" daemon [_thread_blocked, id=6456, stack(0x0000003354d00000,0x0000003354e00000) (1024K)]
  0x000001728e8184e0 JavaThread "Framework Event Dispatcher: Equinox Container: 39441362-053e-4209-8035-825a58d7b5dc" daemon [_thread_blocked, id=19020, stack(0x0000003354e00000,0x0000003354f00000) (1024K)]
  0x000001728e8190d0 JavaThread "Start Level: Equinox Container: 39441362-053e-4209-8035-825a58d7b5dc" daemon [_thread_blocked, id=488, stack(0x0000003354f00000,0x0000003355000000) (1024K)]
  0x000001728eaa4fe0 JavaThread "Bundle File Closer"         daemon [_thread_blocked, id=13592, stack(0x0000003355000000,0x0000003355100000) (1024K)]
  0x000001728eeb7420 JavaThread "SCR Component Actor"        daemon [_thread_blocked, id=6316, stack(0x0000003354700000,0x0000003354800000) (1024K)]
  0x000001728eafd6d0 JavaThread "Worker-JM"                         [_thread_blocked, id=18364, stack(0x0000003355300000,0x0000003355400000) (1024K)]
  0x000001728eafbc90 JavaThread "JNA Cleaner"                daemon [_thread_blocked, id=3620, stack(0x0000003355200000,0x0000003355300000) (1024K)]
  0x000001728eafc320 JavaThread "Worker-0"                          [_thread_blocked, id=2500, stack(0x0000003355400000,0x0000003355500000) (1024K)]
  0x000001728eafaf70 JavaThread "Worker-1"                          [_thread_blocked, id=17788, stack(0x0000003355500000,0x0000003355600000) (1024K)]
  0x000001728eafdd60 JavaThread "Java indexing"              daemon [_thread_blocked, id=12888, stack(0x0000003355700000,0x0000003355800000) (1024K)]
  0x000001728eafc9b0 JavaThread "Worker-2"                          [_thread_blocked, id=17436, stack(0x0000003355a00000,0x0000003355b00000) (1024K)]
  0x000001728eafd040 JavaThread "Worker-3"                          [_thread_blocked, id=12100, stack(0x0000003355b00000,0x0000003355c00000) (1024K)]
  0x000001728eafe3f0 JavaThread "Worker-4: Building"                [_thread_blocked, id=19136, stack(0x0000003355c00000,0x0000003355d00000) (1024K)]
  0x000001728eafb600 JavaThread "Thread-2"                   daemon [_thread_in_native, id=3760, stack(0x0000003355d00000,0x0000003355e00000) (1024K)]
  0x000001728edb0890 JavaThread "Thread-3"                   daemon [_thread_in_native, id=5556, stack(0x0000003355e00000,0x0000003355f00000) (1024K)]
  0x000001728edb4a30 JavaThread "Thread-4"                   daemon [_thread_in_native, id=19620, stack(0x0000003355f00000,0x0000003356000000) (1024K)]
  0x000001728edb2960 JavaThread "Thread-5"                   daemon [_thread_in_native, id=18456, stack(0x0000003356000000,0x0000003356100000) (1024K)]
  0x000001728edb50c0 JavaThread "Thread-6"                   daemon [_thread_in_native, id=3524, stack(0x0000003356100000,0x0000003356200000) (1024K)]
  0x000001728edb2ff0 JavaThread "pool-2-thread-1"                   [_thread_blocked, id=13252, stack(0x0000003356200000,0x0000003356300000) (1024K)]
  0x000001728edb0200 JavaThread "Worker-5"                          [_thread_blocked, id=17296, stack(0x0000003356300000,0x0000003356400000) (1024K)]
  0x000001728edb0f20 JavaThread "Worker-6"                          [_thread_blocked, id=10740, stack(0x0000003356400000,0x0000003356500000) (1024K)]
  0x000001728edb3680 JavaThread "WorkspaceEventsHandler"            [_thread_blocked, id=19000, stack(0x0000003356600000,0x0000003356700000) (1024K)]
  0x000001728edb3d10 JavaThread "pool-1-thread-1"                   [_thread_blocked, id=2696, stack(0x0000003356700000,0x0000003356800000) (1024K)]
  0x000001728edb15b0 JavaThread "LocalFile Deleter"          daemon [_thread_blocked, id=16992, stack(0x0000003356800000,0x0000003356900000) (1024K)]
  0x000001728edb43a0 JavaThread "LocalFile Deleter"          daemon [_thread_blocked, id=20024, stack(0x0000003356900000,0x0000003356a00000) (1024K)]
  0x000001728edb1c40 JavaThread "LocalFile Deleter"          daemon [_thread_blocked, id=19888, stack(0x0000003356a00000,0x0000003356b00000) (1024K)]
  0x000001728edb22d0 JavaThread "LocalFile Deleter"          daemon [_thread_blocked, id=11528, stack(0x0000003356b00000,0x0000003356c00000) (1024K)]
  0x000001728edaf4e0 JavaThread "Compiler Source File Reader" daemon [_thread_blocked, id=4896, stack(0x0000003356c00000,0x0000003356d00000) (1024K)]
  0x000001728edb5750 JavaThread "Compiler Source File Reader" daemon [_thread_blocked, id=17664, stack(0x0000003356d00000,0x0000003356e00000) (1024K)]
  0x000001728edb5de0 JavaThread "Compiler Processing Task"   daemon [_thread_in_Java, id=18172, stack(0x0000003355100000,0x0000003355200000) (1024K)]
  0x000001728edaee50 JavaThread "Compiler Class File Writer" daemon [_thread_blocked, id=19560, stack(0x0000003356e00000,0x0000003356f00000) (1024K)]
  0x000001728edb6470 JavaThread "Compiler Class File Writer" daemon [_thread_blocked, id=19032, stack(0x0000003356f00000,0x0000003357000000) (1024K)]
  0x000001729cd33be0 JavaThread "ForkJoinPool.commonPool-worker-1" daemon [_thread_blocked, id=12656, stack(0x0000003357000000,0x0000003357100000) (1024K)]
  0x000001729cd32ec0 JavaThread "ForkJoinPool.commonPool-worker-2" daemon [_thread_blocked, id=11736, stack(0x0000003357100000,0x0000003357200000) (1024K)]
  0x000001729cd31b10 JavaThread "ForkJoinPool.commonPool-worker-3" daemon [_thread_blocked, id=3020, stack(0x0000003357300000,0x0000003357400000) (1024K)]
Total: 47

Other Threads:
  0x0000017247cc0ff0 VMThread "VM Thread"                           [id=16764, stack(0x0000003353d00000,0x0000003353e00000) (1024K)] _threads_hazard_ptr=0x00000172920d8140
  0x0000017233a1a9c0 WatcherThread "VM Periodic Task Thread"        [id=8320, stack(0x0000003353c00000,0x0000003353d00000) (1024K)]
  0x00000172339c8dc0 WorkerThread "GC Thread#0"                     [id=17544, stack(0x0000003353b00000,0x0000003353c00000) (1024K)]
  0x000001728e405080 WorkerThread "GC Thread#1"                     [id=13516, stack(0x0000003354900000,0x0000003354a00000) (1024K)]
  0x000001728e74a180 WorkerThread "GC Thread#2"                     [id=19892, stack(0x0000003354a00000,0x0000003354b00000) (1024K)]
  0x000001728e74a520 WorkerThread "GC Thread#3"                     [id=19552, stack(0x0000003354b00000,0x0000003354c00000) (1024K)]
Total: 6

Threads with active compile tasks:
C2 CompilerThread0  58697 14086  s!   4       org.eclipse.jdt.internal.core.index.DiskIndex::readCategoryTable (743 bytes)
Total: 1

VM state: not at safepoint (normal execution)

VM Mutex/Monitor currently owned by a thread: None

Heap address: 0x00000000c0000000, size: 1024 MB, Compressed Oops mode: 32-bit

CDS archive(s) mapped at: [0x0000017248000000-0x0000017248ba0000-0x0000017248ba0000), size 12189696, SharedBaseAddress: 0x0000017248000000, ArchiveRelocationMode: 1.
Compressed class space mapped at: 0x0000017249000000-0x0000017289000000, reserved size: 1073741824
Narrow klass base: 0x0000017248000000, Narrow klass shift: 0, Narrow klass range: 0x100000000

GC Precious Log:
 CardTable entry size: 512
 CPUs: 4 total, 4 available
 Memory: 8191M
 Large Page Support: Disabled
 NUMA Support: Disabled
 Compressed Oops: Enabled (32-bit)
 Alignments: Space 512K, Generation 512K, Heap 2M
 Heap Min Capacity: 100M
 Heap Initial Capacity: 100M
 Heap Max Capacity: 1G
 Pre-touch: Disabled
 Parallel Workers: 4

Heap:
 PSYoungGen      total 18944K, used 16494K [0x00000000eab00000, 0x00000000ec480000, 0x0000000100000000)
  eden space 13312K, 83% used [0x00000000eab00000,0x00000000eb5e75c8,0x00000000eb800000)
  from space 5632K, 94% used [0x00000000ebf00000,0x00000000ec434580,0x00000000ec480000)
  to   space 6144K, 0% used [0x00000000eb880000,0x00000000eb880000,0x00000000ebe80000)
 ParOldGen       total 693760K, used 693444K [0x00000000c0000000, 0x00000000ea580000, 0x00000000eab00000)
  object space 693760K, 99% used [0x00000000c0000000,0x00000000ea531170,0x00000000ea580000)
 Metaspace       used 71667K, committed 73280K, reserved 1179648K
  class space    used 7235K, committed 7936K, reserved 1048576K

Card table byte_map: [0x0000017233310000,0x0000017233520000] _byte_map_base: 0x0000017232d10000

Marking Bits: (ParMarkBitMap*) 0x00007ffe117c3260
 Begin Bits: [0x0000017245b60000, 0x0000017246b60000)
 End Bits:   [0x0000017246b60000, 0x0000017247b60000)

Polling page: 0x0000017231570000

Metaspace:

Usage:
  Non-class:     62.92 MB used.
      Class:      7.07 MB used.
       Both:     69.99 MB used.

Virtual space:
  Non-class space:      128.00 MB reserved,      63.81 MB ( 50%) committed,  2 nodes.
      Class space:        1.00 GB reserved,       7.75 MB ( <1%) committed,  1 nodes.
             Both:        1.12 GB reserved,      71.56 MB (  6%) committed. 

Chunk freelists:
   Non-Class:  15.95 MB
       Class:  8.15 MB
        Both:  24.11 MB

MaxMetaspaceSize: unlimited
CompressedClassSpaceSize: 1.00 GB
Initial GC threshold: 21.00 MB
Current GC threshold: 97.31 MB
CDS: on
 - commit_granule_bytes: 65536.
 - commit_granule_words: 8192.
 - virtual_space_node_default_size: 8388608.
 - enlarge_chunks_in_place: 1.
 - use_allocation_guard: 0.


Internal statistics:

num_allocs_failed_limit: 9.
num_arena_births: 1344.
num_arena_deaths: 14.
num_vsnodes_births: 3.
num_vsnodes_deaths: 0.
num_space_committed: 1144.
num_space_uncommitted: 0.
num_chunks_returned_to_freelist: 23.
num_chunks_taken_from_freelist: 4756.
num_chunk_merges: 12.
num_chunk_splits: 2892.
num_chunks_enlarged: 1599.
num_inconsistent_stats: 0.

CodeHeap 'non-profiled nmethods': size=120000Kb used=11288Kb max_used=11288Kb free=108711Kb
 bounds [0x000001723e630000, 0x000001723f140000, 0x0000017245b60000]
CodeHeap 'profiled nmethods': size=120000Kb used=32672Kb max_used=32672Kb free=87327Kb
 bounds [0x0000017236b60000, 0x0000017238b50000, 0x000001723e090000]
CodeHeap 'non-nmethods': size=5760Kb used=1482Kb max_used=1562Kb free=4277Kb
 bounds [0x000001723e090000, 0x000001723e300000, 0x000001723e630000]
 total_blobs=14175 nmethods=13376 adapters=703
 compilation: enabled
              stopped_count=0, restarted_count=0
 full_count=0

Compilation events (20 events):
Event: 58.571 Thread 0x0000017247cfcf30 nmethod 14148 0x0000017238b21a10 code [0x0000017238b21bc0, 0x0000017238b21e80]
Event: 58.571 Thread 0x0000017247cfcf30 14149       3       org.eclipse.jdt.internal.compiler.lookup.ModuleBinding::lambda$11 (13 bytes)
Event: 58.571 Thread 0x0000017247cfcf30 nmethod 14149 0x0000017238b21f90 code [0x0000017238b22120, 0x0000017238b22268]
Event: 58.573 Thread 0x0000017247cfcf30 14154       3       org.eclipse.jdt.internal.compiler.lookup.SplitPackageBinding::combineWithSiblings (143 bytes)
Event: 58.574 Thread 0x0000017247cfcf30 nmethod 14154 0x0000017238b22310 code [0x0000017238b22600, 0x0000017238b23988]
Event: 58.574 Thread 0x0000017247cfcf30 14153       3       org.eclipse.jdt.internal.compiler.lookup.SplitPackageBinding::addPackage (98 bytes)
Event: 58.575 Thread 0x0000017247cfcf30 nmethod 14153 0x0000017238b24090 code [0x0000017238b24300, 0x0000017238b24d88]
Event: 58.578 Thread 0x0000017247cfcf30 14155       3       org.eclipse.core.internal.filesystem.FileStoreUtil::countCharButNotAtEnd (34 bytes)
Event: 58.578 Thread 0x0000017247cfcf30 nmethod 14155 0x0000017238b25210 code [0x0000017238b25420, 0x0000017238b25b88]
Event: 58.580 Thread 0x0000017247cfcf30 14156       3       java.lang.invoke.LambdaForm$MH/0x00000172495a8400::invoke (8 bytes)
Event: 58.580 Thread 0x0000017247cfcf30 nmethod 14156 0x0000017238b25f10 code [0x0000017238b260c0, 0x0000017238b26370]
Event: 58.582 Thread 0x0000017247cfcf30 14157       3       org.apache.maven.artifact.repository.MavenArtifactRepository::basedir (291 bytes)
Event: 58.586 Thread 0x0000017247cfcf30 nmethod 14157 0x0000017238b26490 code [0x0000017238b26d40, 0x0000017238b2b830]
Event: 58.589 Thread 0x0000017247cfcf30 14159       3       org.eclipse.jdt.internal.core.builder.ClasspathDirectory::isPackage (164 bytes)
Event: 58.593 Thread 0x0000017247cfcf30 nmethod 14159 0x0000017238b2d490 code [0x0000017238b2d9e0, 0x0000017238b30700]
Event: 58.593 Thread 0x0000017247cfcf30 14160       2       org.eclipse.jdt.internal.compiler.lookup.BinaryTypeBinding::createMethod (1720 bytes)
Event: 58.603 Thread 0x0000017247cfcf30 nmethod 14160 0x0000017238b31790 code [0x0000017238b31e80, 0x0000017238b35738]
Event: 58.603 Thread 0x0000017247cfcf30 14164       3       org.eclipse.m2e.core.embedder.MavenSettingsLocations::hashCode (7 bytes)
Event: 58.605 Thread 0x0000017247cfcf30 nmethod 14164 0x0000017238b38210 code [0x0000017238b385a0, 0x0000017238b39c28]
Event: 58.605 Thread 0x0000017247cfcf30 14166   !   2       org.eclipse.jdt.internal.compiler.lookup.LookupEnvironment::askForType (492 bytes)

GC Heap History (20 events):
Event: 27.976 GC heap before
{Heap before GC invocations=502 (full 3):
 PSYoungGen      total 7168K, used 7168K [0x00000000eab00000, 0x00000000ecb00000, 0x0000000100000000)
  eden space 3584K, 100% used [0x00000000eab00000,0x00000000eae80000,0x00000000eae80000)
  from space 3584K, 100% used [0x00000000eb880000,0x00000000ebc00000,0x00000000ebc00000)
  to   space 10240K, 0% used [0x00000000eae80000,0x00000000eae80000,0x00000000eb880000)
 ParOldGen       total 656896K, used 656705K [0x00000000c0000000, 0x00000000e8180000, 0x00000000eab00000)
  object space 656896K, 99% used [0x00000000c0000000,0x00000000e8150548,0x00000000e8180000)
 Metaspace       used 70905K, committed 72576K, reserved 1114112K
  class space    used 7161K, committed 7872K, reserved 1048576K
}
Event: 27.984 GC heap after
{Heap after GC invocations=502 (full 3):
 PSYoungGen      total 6656K, used 2592K [0x00000000eab00000, 0x00000000eb980000, 0x0000000100000000)
  eden space 3584K, 0% used [0x00000000eab00000,0x00000000eab00000,0x00000000eae80000)
  from space 3072K, 84% used [0x00000000eae80000,0x00000000eb108000,0x00000000eb180000)
  to   space 5120K, 0% used [0x00000000eb480000,0x00000000eb480000,0x00000000eb980000)
 ParOldGen       total 660480K, used 660313K [0x00000000c0000000, 0x00000000e8500000, 0x00000000eab00000)
  object space 660480K, 99% used [0x00000000c0000000,0x00000000e84d6548,0x00000000e8500000)
 Metaspace       used 70905K, committed 72576K, reserved 1114112K
  class space    used 7161K, committed 7872K, reserved 1048576K
}
Event: 27.993 GC heap before
{Heap before GC invocations=503 (full 3):
 PSYoungGen      total 6656K, used 6176K [0x00000000eab00000, 0x00000000eb980000, 0x0000000100000000)
  eden space 3584K, 100% used [0x00000000eab00000,0x00000000eae80000,0x00000000eae80000)
  from space 3072K, 84% used [0x00000000eae80000,0x00000000eb108000,0x00000000eb180000)
  to   space 5120K, 0% used [0x00000000eb480000,0x00000000eb480000,0x00000000eb980000)
 ParOldGen       total 660480K, used 660313K [0x00000000c0000000, 0x00000000e8500000, 0x00000000eab00000)
  object space 660480K, 99% used [0x00000000c0000000,0x00000000e84d6548,0x00000000e8500000)
 Metaspace       used 70905K, committed 72576K, reserved 1114112K
  class space    used 7161K, committed 7872K, reserved 1048576K
}
Event: 28.001 GC heap after
{Heap after GC invocations=503 (full 3):
 PSYoungGen      total 7680K, used 2624K [0x00000000eab00000, 0x00000000eb780000, 0x0000000100000000)
  eden space 4608K, 0% used [0x00000000eab00000,0x00000000eab00000,0x00000000eaf80000)
  from space 3072K, 85% used [0x00000000eb480000,0x00000000eb710000,0x00000000eb780000)
  to   space 3072K, 0% used [0x00000000eb180000,0x00000000eb180000,0x00000000eb480000)
 ParOldGen       total 663040K, used 662889K [0x00000000c0000000, 0x00000000e8780000, 0x00000000eab00000)
  object space 663040K, 99% used [0x00000000c0000000,0x00000000e875a548,0x00000000e8780000)
 Metaspace       used 70905K, committed 72576K, reserved 1114112K
  class space    used 7161K, committed 7872K, reserved 1048576K
}
Event: 28.014 GC heap before
{Heap before GC invocations=504 (full 3):
 PSYoungGen      total 7680K, used 7232K [0x00000000eab00000, 0x00000000eb780000, 0x0000000100000000)
  eden space 4608K, 100% used [0x00000000eab00000,0x00000000eaf80000,0x00000000eaf80000)
  from space 3072K, 85% used [0x00000000eb480000,0x00000000eb710000,0x00000000eb780000)
  to   space 3072K, 0% used [0x00000000eb180000,0x00000000eb180000,0x00000000eb480000)
 ParOldGen       total 663040K, used 662889K [0x00000000c0000000, 0x00000000e8780000, 0x00000000eab00000)
  object space 663040K, 99% used [0x00000000c0000000,0x00000000e875a548,0x00000000e8780000)
 Metaspace       used 70905K, committed 72576K, reserved 1114112K
  class space    used 7161K, committed 7872K, reserved 1048576K
}
Event: 28.022 GC heap after
{Heap after GC invocations=504 (full 3):
 PSYoungGen      total 8704K, used 3072K [0x00000000eab00000, 0x00000000ebd80000, 0x0000000100000000)
  eden space 5632K, 0% used [0x00000000eab00000,0x00000000eab00000,0x00000000eb080000)
  from space 3072K, 100% used [0x00000000eb180000,0x00000000eb480000,0x00000000eb480000)
  to   space 6656K, 0% used [0x00000000eb700000,0x00000000eb700000,0x00000000ebd80000)
 ParOldGen       total 666112K, used 665649K [0x00000000c0000000, 0x00000000e8a80000, 0x00000000eab00000)
  object space 666112K, 99% used [0x00000000c0000000,0x00000000e8a0c548,0x00000000e8a80000)
 Metaspace       used 70905K, committed 72576K, reserved 1114112K
  class space    used 7161K, committed 7872K, reserved 1048576K
}
Event: 28.036 GC heap before
{Heap before GC invocations=505 (full 3):
 PSYoungGen      total 8704K, used 8704K [0x00000000eab00000, 0x00000000ebd80000, 0x0000000100000000)
  eden space 5632K, 100% used [0x00000000eab00000,0x00000000eb080000,0x00000000eb080000)
  from space 3072K, 100% used [0x00000000eb180000,0x00000000eb480000,0x00000000eb480000)
  to   space 6656K, 0% used [0x00000000eb700000,0x00000000eb700000,0x00000000ebd80000)
 ParOldGen       total 666112K, used 665649K [0x00000000c0000000, 0x00000000e8a80000, 0x00000000eab00000)
  object space 666112K, 99% used [0x00000000c0000000,0x00000000e8a0c548,0x00000000e8a80000)
 Metaspace       used 70905K, committed 72576K, reserved 1114112K
  class space    used 7161K, committed 7872K, reserved 1048576K
}
Event: 28.047 GC heap after
{Heap after GC invocations=505 (full 3):
 PSYoungGen      total 12288K, used 4032K [0x00000000eab00000, 0x00000000ebc00000, 0x0000000100000000)
  eden space 7168K, 0% used [0x00000000eab00000,0x00000000eab00000,0x00000000eb200000)
  from space 5120K, 78% used [0x00000000eb700000,0x00000000ebaf0000,0x00000000ebc00000)
  to   space 5120K, 0% used [0x00000000eb200000,0x00000000eb200000,0x00000000eb700000)
 ParOldGen       total 669184K, used 668745K [0x00000000c0000000, 0x00000000e8d80000, 0x00000000eab00000)
  object space 669184K, 99% used [0x00000000c0000000,0x00000000e8d12548,0x00000000e8d80000)
 Metaspace       used 70905K, committed 72576K, reserved 1114112K
  class space    used 7161K, committed 7872K, reserved 1048576K
}
Event: 28.065 GC heap before
{Heap before GC invocations=506 (full 3):
 PSYoungGen      total 12288K, used 11200K [0x00000000eab00000, 0x00000000ebc00000, 0x0000000100000000)
  eden space 7168K, 100% used [0x00000000eab00000,0x00000000eb200000,0x00000000eb200000)
  from space 5120K, 78% used [0x00000000eb700000,0x00000000ebaf0000,0x00000000ebc00000)
  to   space 5120K, 0% used [0x00000000eb200000,0x00000000eb200000,0x00000000eb700000)
 ParOldGen       total 669184K, used 668745K [0x00000000c0000000, 0x00000000e8d80000, 0x00000000eab00000)
  object space 669184K, 99% used [0x00000000c0000000,0x00000000e8d12548,0x00000000e8d80000)
 Metaspace       used 70905K, committed 72576K, reserved 1114112K
  class space    used 7161K, committed 7872K, reserved 1048576K
}
Event: 28.074 GC heap after
{Heap after GC invocations=506 (full 3):
 PSYoungGen      total 12288K, used 5088K [0x00000000eab00000, 0x00000000ebe80000, 0x0000000100000000)
  eden space 7168K, 0% used [0x00000000eab00000,0x00000000eab00000,0x00000000eb200000)
  from space 5120K, 99% used [0x00000000eb200000,0x00000000eb6f8000,0x00000000eb700000)
  to   space 5632K, 0% used [0x00000000eb900000,0x00000000eb900000,0x00000000ebe80000)
 ParOldGen       total 672768K, used 672713K [0x00000000c0000000, 0x00000000e9100000, 0x00000000eab00000)
  object space 672768K, 99% used [0x00000000c0000000,0x00000000e90f2548,0x00000000e9100000)
 Metaspace       used 70905K, committed 72576K, reserved 1114112K
  class space    used 7161K, committed 7872K, reserved 1048576K
}
Event: 28.088 GC heap before
{Heap before GC invocations=507 (full 3):
 PSYoungGen      total 12288K, used 12256K [0x00000000eab00000, 0x00000000ebe80000, 0x0000000100000000)
  eden space 7168K, 100% used [0x00000000eab00000,0x00000000eb200000,0x00000000eb200000)
  from space 5120K, 99% used [0x00000000eb200000,0x00000000eb6f8000,0x00000000eb700000)
  to   space 5632K, 0% used [0x00000000eb900000,0x00000000eb900000,0x00000000ebe80000)
 ParOldGen       total 672768K, used 672713K [0x00000000c0000000, 0x00000000e9100000, 0x00000000eab00000)
  object space 672768K, 99% used [0x00000000c0000000,0x00000000e90f2548,0x00000000e9100000)
 Metaspace       used 70905K, committed 72576K, reserved 1114112K
  class space    used 7161K, committed 7872K, reserved 1048576K
}
Event: 28.101 GC heap after
{Heap after GC invocations=507 (full 3):
 PSYoungGen      total 14336K, used 5472K [0x00000000eab00000, 0x00000000ebe80000, 0x0000000100000000)
  eden space 8704K, 0% used [0x00000000eab00000,0x00000000eab00000,0x00000000eb380000)
  from space 5632K, 97% used [0x00000000eb900000,0x00000000ebe58000,0x00000000ebe80000)
  to   space 5632K, 0% used [0x00000000eb380000,0x00000000eb380000,0x00000000eb900000)
 ParOldGen       total 677888K, used 677753K [0x00000000c0000000, 0x00000000e9600000, 0x00000000eab00000)
  object space 677888K, 99% used [0x00000000c0000000,0x00000000e95de548,0x00000000e9600000)
 Metaspace       used 70905K, committed 72576K, reserved 1114112K
  class space    used 7161K, committed 7872K, reserved 1048576K
}
Event: 31.065 GC heap before
{Heap before GC invocations=508 (full 3):
 PSYoungGen      total 14336K, used 14176K [0x00000000eab00000, 0x00000000ebe80000, 0x0000000100000000)
  eden space 8704K, 100% used [0x00000000eab00000,0x00000000eb380000,0x00000000eb380000)
  from space 5632K, 97% used [0x00000000eb900000,0x00000000ebe58000,0x00000000ebe80000)
  to   space 5632K, 0% used [0x00000000eb380000,0x00000000eb380000,0x00000000eb900000)
 ParOldGen       total 677888K, used 677753K [0x00000000c0000000, 0x00000000e9600000, 0x00000000eab00000)
  object space 677888K, 99% used [0x00000000c0000000,0x00000000e95de548,0x00000000e9600000)
 Metaspace       used 70933K, committed 72576K, reserved 1114112K
  class space    used 7161K, committed 7872K, reserved 1048576K
}
Event: 31.073 GC heap after
{Heap after GC invocations=508 (full 3):
 PSYoungGen      total 14336K, used 5600K [0x00000000eab00000, 0x00000000ece80000, 0x0000000100000000)
  eden space 8704K, 0% used [0x00000000eab00000,0x00000000eab00000,0x00000000eb380000)
  from space 5632K, 99% used [0x00000000eb380000,0x00000000eb8f8020,0x00000000eb900000)
  to   space 12800K, 0% used [0x00000000ec200000,0x00000000ec200000,0x00000000ece80000)
 ParOldGen       total 684032K, used 683753K [0x00000000c0000000, 0x00000000e9c00000, 0x00000000eab00000)
  object space 684032K, 99% used [0x00000000c0000000,0x00000000e9bba548,0x00000000e9c00000)
 Metaspace       used 70933K, committed 72576K, reserved 1114112K
  class space    used 7161K, committed 7872K, reserved 1048576K
}
Event: 58.304 GC heap before
{Heap before GC invocations=509 (full 3):
 PSYoungGen      total 14336K, used 14185K [0x00000000eab00000, 0x00000000ece80000, 0x0000000100000000)
  eden space 8704K, 98% used [0x00000000eab00000,0x00000000eb3624a8,0x00000000eb380000)
  from space 5632K, 99% used [0x00000000eb380000,0x00000000eb8f8020,0x00000000eb900000)
  to   space 12800K, 0% used [0x00000000ec200000,0x00000000ec200000,0x00000000ece80000)
 ParOldGen       total 684032K, used 683753K [0x00000000c0000000, 0x00000000e9c00000, 0x00000000eab00000)
  object space 684032K, 99% used [0x00000000c0000000,0x00000000e9bba548,0x00000000e9c00000)
 Metaspace       used 71307K, committed 72960K, reserved 1114112K
  class space    used 7197K, committed 7936K, reserved 1048576K
}
Event: 58.319 GC heap after
{Heap after GC invocations=509 (full 3):
 PSYoungGen      total 14336K, used 3383K [0x00000000eab00000, 0x00000000ec580000, 0x0000000100000000)
  eden space 10752K, 0% used [0x00000000eab00000,0x00000000eab00000,0x00000000eb580000)
  from space 3584K, 94% used [0x00000000ec200000,0x00000000ec54dd40,0x00000000ec580000)
  to   space 6656K, 0% used [0x00000000eb880000,0x00000000eb880000,0x00000000ebf00000)
 ParOldGen       total 689152K, used 689049K [0x00000000c0000000, 0x00000000ea100000, 0x00000000eab00000)
  object space 689152K, 99% used [0x00000000c0000000,0x00000000ea0e6548,0x00000000ea100000)
 Metaspace       used 71307K, committed 72960K, reserved 1114112K
  class space    used 7197K, committed 7936K, reserved 1048576K
}
Event: 58.372 GC heap before
{Heap before GC invocations=510 (full 3):
 PSYoungGen      total 14336K, used 14135K [0x00000000eab00000, 0x00000000ec580000, 0x0000000100000000)
  eden space 10752K, 100% used [0x00000000eab00000,0x00000000eb580000,0x00000000eb580000)
  from space 3584K, 94% used [0x00000000ec200000,0x00000000ec54dd40,0x00000000ec580000)
  to   space 6656K, 0% used [0x00000000eb880000,0x00000000eb880000,0x00000000ebf00000)
 ParOldGen       total 689152K, used 689049K [0x00000000c0000000, 0x00000000ea100000, 0x00000000eab00000)
  object space 689152K, 99% used [0x00000000c0000000,0x00000000ea0e6548,0x00000000ea100000)
 Metaspace       used 71308K, committed 72960K, reserved 1114112K
  class space    used 7197K, committed 7936K, reserved 1048576K
}
Event: 58.381 GC heap after
{Heap after GC invocations=510 (full 3):
 PSYoungGen      total 19968K, used 6209K [0x00000000eab00000, 0x00000000ec600000, 0x0000000100000000)
  eden space 13312K, 0% used [0x00000000eab00000,0x00000000eab00000,0x00000000eb800000)
  from space 6656K, 93% used [0x00000000eb880000,0x00000000ebe90730,0x00000000ebf00000)
  to   space 7168K, 0% used [0x00000000ebf00000,0x00000000ebf00000,0x00000000ec600000)
 ParOldGen       total 691712K, used 691703K [0x00000000c0000000, 0x00000000ea380000, 0x00000000eab00000)
  object space 691712K, 99% used [0x00000000c0000000,0x00000000ea37de70,0x00000000ea380000)
 Metaspace       used 71308K, committed 72960K, reserved 1114112K
  class space    used 7197K, committed 7936K, reserved 1048576K
}
Event: 58.488 GC heap before
{Heap before GC invocations=511 (full 3):
 PSYoungGen      total 19968K, used 19520K [0x00000000eab00000, 0x00000000ec600000, 0x0000000100000000)
  eden space 13312K, 99% used [0x00000000eab00000,0x00000000eb7ffb68,0x00000000eb800000)
  from space 6656K, 93% used [0x00000000eb880000,0x00000000ebe90730,0x00000000ebf00000)
  to   space 7168K, 0% used [0x00000000ebf00000,0x00000000ebf00000,0x00000000ec600000)
 ParOldGen       total 691712K, used 691703K [0x00000000c0000000, 0x00000000ea380000, 0x00000000eab00000)
  object space 691712K, 99% used [0x00000000c0000000,0x00000000ea37de70,0x00000000ea380000)
 Metaspace       used 71371K, committed 73024K, reserved 1114112K
  class space    used 7202K, committed 7936K, reserved 1048576K
}
Event: 58.496 GC heap after
{Heap after GC invocations=511 (full 3):
 PSYoungGen      total 18944K, used 5329K [0x00000000eab00000, 0x00000000ec480000, 0x0000000100000000)
  eden space 13312K, 0% used [0x00000000eab00000,0x00000000eab00000,0x00000000eb800000)
  from space 5632K, 94% used [0x00000000ebf00000,0x00000000ec434580,0x00000000ec480000)
  to   space 6144K, 0% used [0x00000000eb880000,0x00000000eb880000,0x00000000ebe80000)
 ParOldGen       total 693760K, used 693444K [0x00000000c0000000, 0x00000000ea580000, 0x00000000eab00000)
  object space 693760K, 99% used [0x00000000c0000000,0x00000000ea531170,0x00000000ea580000)
 Metaspace       used 71371K, committed 73024K, reserved 1114112K
  class space    used 7202K, committed 7936K, reserved 1048576K
}

Dll operation events (12 events):
Event: 0.029 Loaded shared library c:\Users\VoTha\.vscode\extensions\redhat.java-1.41.1-win32-x64\jre\21.0.6-win32-x86_64\bin\java.dll
Event: 0.127 Loaded shared library c:\Users\VoTha\.vscode\extensions\redhat.java-1.41.1-win32-x64\jre\21.0.6-win32-x86_64\bin\zip.dll
Event: 0.147 Loaded shared library C:\Users\VoTha\.vscode\extensions\redhat.java-1.41.1-win32-x64\jre\21.0.6-win32-x86_64\bin\instrument.dll
Event: 0.157 Loaded shared library C:\Users\VoTha\.vscode\extensions\redhat.java-1.41.1-win32-x64\jre\21.0.6-win32-x86_64\bin\net.dll
Event: 0.166 Loaded shared library C:\Users\VoTha\.vscode\extensions\redhat.java-1.41.1-win32-x64\jre\21.0.6-win32-x86_64\bin\nio.dll
Event: 0.170 Loaded shared library C:\Users\VoTha\.vscode\extensions\redhat.java-1.41.1-win32-x64\jre\21.0.6-win32-x86_64\bin\zip.dll
Event: 0.183 Loaded shared library C:\Users\VoTha\.vscode\extensions\redhat.java-1.41.1-win32-x64\jre\21.0.6-win32-x86_64\bin\jimage.dll
Event: 0.245 Loaded shared library c:\Users\VoTha\.vscode\extensions\redhat.java-1.41.1-win32-x64\jre\21.0.6-win32-x86_64\bin\verify.dll
Event: 1.196 Loaded shared library C:\Users\VoTha\AppData\Roaming\Code\User\globalStorage\redhat.java\1.41.1\config_win\org.eclipse.equinox.launcher\org.eclipse.equinox.launcher.win32.win32.x86_64_1.2.1300.v20250331-1702\eclipse_11911.dll
Event: 3.072 Loaded shared library C:\Users\VoTha\AppData\Local\Temp\jna-82813652\jna17006517144770217450.dll
Event: 5.098 Loaded shared library C:\Users\VoTha\.vscode\extensions\redhat.java-1.41.1-win32-x64\jre\21.0.6-win32-x86_64\bin\sunmscapi.dll
Event: 5.208 Loaded shared library C:\Users\VoTha\.vscode\extensions\redhat.java-1.41.1-win32-x64\jre\21.0.6-win32-x86_64\bin\extnet.dll

Deoptimization events (20 events):
Event: 58.534 Thread 0x000001728eafdd60 DEOPT PACKING pc=0x000001723e9a4ab4 sp=0x00000033557ff1e0
Event: 58.534 Thread 0x000001728eafdd60 DEOPT UNPACKING pc=0x000001723e0e3aa2 sp=0x00000033557ff0b0 mode 2
Event: 58.534 Thread 0x000001728eafdd60 Uncommon trap: trap_request=0xffffff45 fr.pc=0x000001723e9b74f4 relative=0x00000000000006d4
Event: 58.534 Thread 0x000001728eafdd60 Uncommon trap: reason=unstable_if action=reinterpret pc=0x000001723e9b74f4 method=java.util.Arrays.hashCode([C)I @ 8 c2
Event: 58.534 Thread 0x000001728eafdd60 DEOPT PACKING pc=0x000001723e9b74f4 sp=0x00000033557ff160
Event: 58.534 Thread 0x000001728eafdd60 DEOPT UNPACKING pc=0x000001723e0e3aa2 sp=0x00000033557fefc0 mode 2
Event: 58.548 Thread 0x000001729cd31b10 DEOPT PACKING pc=0x0000017238a606c9 sp=0x00000033573fdd40
Event: 58.548 Thread 0x000001729cd31b10 DEOPT UNPACKING pc=0x000001723e0e4242 sp=0x00000033573fd1d0 mode 0
Event: 58.606 Thread 0x000001728eafe3f0 Uncommon trap: trap_request=0xffffffde fr.pc=0x000001723f11f518 relative=0x0000000000000078
Event: 58.607 Thread 0x000001728eafe3f0 Uncommon trap: reason=class_check action=maybe_recompile pc=0x000001723f11f518 method=java.util.Collections$UnmodifiableMap$UnmodifiableEntrySet$1.hasNext()Z @ 4 c2
Event: 58.607 Thread 0x000001728eafe3f0 DEOPT PACKING pc=0x000001723f11f518 sp=0x0000003355cfe2d0
Event: 58.607 Thread 0x000001728eafe3f0 DEOPT UNPACKING pc=0x000001723e0e3aa2 sp=0x0000003355cfe260 mode 2
Event: 58.607 Thread 0x000001728eafe3f0 Uncommon trap: trap_request=0xffffffde fr.pc=0x000001723f12220c relative=0x000000000000024c
Event: 58.607 Thread 0x000001728eafe3f0 Uncommon trap: reason=class_check action=maybe_recompile pc=0x000001723f12220c method=java.util.Collections$UnmodifiableMap$UnmodifiableEntrySet$1.next()Ljava/util/Map$Entry; @ 8 c2
Event: 58.607 Thread 0x000001728eafe3f0 DEOPT PACKING pc=0x000001723f12220c sp=0x0000003355cfe2a0
Event: 58.607 Thread 0x000001728eafe3f0 DEOPT UNPACKING pc=0x000001723e0e3aa2 sp=0x0000003355cfe1f0 mode 2
Event: 58.607 Thread 0x000001728eafe3f0 Uncommon trap: trap_request=0xffffffde fr.pc=0x000001723f121a18 relative=0x0000000000000078
Event: 58.607 Thread 0x000001728eafe3f0 Uncommon trap: reason=class_check action=maybe_recompile pc=0x000001723f121a18 method=java.util.Collections$UnmodifiableMap$UnmodifiableEntrySet$UnmodifiableEntry.getKey()Ljava/lang/Object; @ 4 c2
Event: 58.607 Thread 0x000001728eafe3f0 DEOPT PACKING pc=0x000001723f121a18 sp=0x0000003355cfe2d0
Event: 58.607 Thread 0x000001728eafe3f0 DEOPT UNPACKING pc=0x000001723e0e3aa2 sp=0x0000003355cfe260 mode 2

Classes loaded (20 events):
Event: 31.138 Loading class sun/util/resources/cldr/TimeZoneNames_en_US
Event: 31.138 Loading class sun/util/resources/cldr/TimeZoneNames_en_US done
Event: 31.173 Loading class sun/util/cldr/CLDRBaseLocaleDataMetaInfo$TZCanonicalIDMapHolder
Event: 31.175 Loading class sun/util/cldr/CLDRBaseLocaleDataMetaInfo$TZCanonicalIDMapHolder done
Event: 31.187 Loading class sun/util/resources/TimeZoneNames
Event: 31.189 Loading class sun/util/resources/TimeZoneNames done
Event: 31.189 Loading class sun/util/resources/TimeZoneNames_en
Event: 31.189 Loading class sun/util/resources/TimeZoneNames_en done
Event: 58.442 Loading class java/util/stream/ReduceOps$5
Event: 58.443 Loading class java/util/stream/ReduceOps$5 done
Event: 58.443 Loading class java/util/stream/ReduceOps$CountingSink$OfRef
Event: 58.444 Loading class java/util/stream/ReduceOps$CountingSink
Event: 58.444 Loading class java/util/stream/ReduceOps$CountingSink done
Event: 58.444 Loading class java/util/stream/ReduceOps$CountingSink$OfRef done
Event: 58.570 Loading class java/util/stream/DistinctOps
Event: 58.571 Loading class java/util/stream/DistinctOps done
Event: 58.571 Loading class java/util/stream/DistinctOps$1
Event: 58.571 Loading class java/util/stream/DistinctOps$1 done
Event: 58.574 Loading class java/util/stream/DistinctOps$1$2
Event: 58.574 Loading class java/util/stream/DistinctOps$1$2 done

Classes unloaded (7 events):
Event: 3.619 Thread 0x0000017247cc0ff0 Unloading class 0x000001724919fc00 'java/lang/invoke/LambdaForm$MH+0x000001724919fc00'
Event: 3.619 Thread 0x0000017247cc0ff0 Unloading class 0x000001724919f800 'java/lang/invoke/LambdaForm$MH+0x000001724919f800'
Event: 3.619 Thread 0x0000017247cc0ff0 Unloading class 0x000001724919f400 'java/lang/invoke/LambdaForm$MH+0x000001724919f400'
Event: 3.619 Thread 0x0000017247cc0ff0 Unloading class 0x000001724919f000 'java/lang/invoke/LambdaForm$MH+0x000001724919f000'
Event: 3.619 Thread 0x0000017247cc0ff0 Unloading class 0x000001724919ec00 'java/lang/invoke/LambdaForm$BMH+0x000001724919ec00'
Event: 3.619 Thread 0x0000017247cc0ff0 Unloading class 0x000001724919e800 'java/lang/invoke/LambdaForm$DMH+0x000001724919e800'
Event: 3.619 Thread 0x0000017247cc0ff0 Unloading class 0x000001724919d400 'java/lang/invoke/LambdaForm$DMH+0x000001724919d400'

Classes redefined (0 events):
No events

Internal exceptions (20 events):
Event: 58.201 Thread 0x000001729cd31b10 Exception <a 'sun/nio/fs/WindowsException'{0x00000000eae80090}> (0x00000000eae80090) 
thrown [s\src\hotspot\share\prims\jni.cpp, line 520]
Event: 58.210 Thread 0x000001729cd31b10 Exception <a 'sun/nio/fs/WindowsException'{0x00000000eae81c78}> (0x00000000eae81c78) 
thrown [s\src\hotspot\share\prims\jni.cpp, line 520]
Event: 58.210 Thread 0x000001729cd31b10 Exception <a 'sun/nio/fs/WindowsException'{0x00000000eae822a8}> (0x00000000eae822a8) 
thrown [s\src\hotspot\share\prims\jni.cpp, line 520]
Event: 58.280 Thread 0x000001728eafdd60 Implicit null exception at 0x000001723f04feb2 to 0x000001723f051cc8
Event: 58.295 Thread 0x000001729cd31b10 Exception <a 'sun/nio/fs/WindowsException'{0x00000000eafd9ef0}> (0x00000000eafd9ef0) 
thrown [s\src\hotspot\share\prims\jni.cpp, line 520]
Event: 58.295 Thread 0x000001729cd31b10 Exception <a 'sun/nio/fs/WindowsException'{0x00000000eafda7d0}> (0x00000000eafda7d0) 
thrown [s\src\hotspot\share\prims\jni.cpp, line 520]
Event: 58.511 Thread 0x000001728eafdd60 Exception <a 'sun/nio/fs/WindowsException'{0x00000000eab58c20}> (0x00000000eab58c20) 
thrown [s\src\hotspot\share\prims\jni.cpp, line 520]
Event: 58.525 Thread 0x000001728eafdd60 Implicit null exception at 0x000001723f095813 to 0x000001723f096c00
Event: 58.542 Thread 0x000001729cd31b10 Exception <a 'sun/nio/fs/WindowsException'{0x00000000eae03ac0}> (0x00000000eae03ac0) 
thrown [s\src\hotspot\share\prims\jni.cpp, line 520]
Event: 58.542 Thread 0x000001729cd31b10 Exception <a 'sun/nio/fs/WindowsException'{0x00000000eae043a0}> (0x00000000eae043a0) 
thrown [s\src\hotspot\share\prims\jni.cpp, line 520]
Event: 58.542 Thread 0x000001729cd31b10 Exception <a 'sun/nio/fs/WindowsException'{0x00000000eae05540}> (0x00000000eae05540) 
thrown [s\src\hotspot\share\prims\jni.cpp, line 520]
Event: 58.542 Thread 0x000001729cd31b10 Exception <a 'sun/nio/fs/WindowsException'{0x00000000eae05e20}> (0x00000000eae05e20) 
thrown [s\src\hotspot\share\prims\jni.cpp, line 520]
Event: 58.543 Thread 0x000001729cd31b10 Exception <a 'sun/nio/fs/WindowsException'{0x00000000eae07aa0}> (0x00000000eae07aa0) 
thrown [s\src\hotspot\share\prims\jni.cpp, line 520]
Event: 58.543 Thread 0x000001729cd31b10 Exception <a 'sun/nio/fs/WindowsException'{0x00000000eae08380}> (0x00000000eae08380) 
thrown [s\src\hotspot\share\prims\jni.cpp, line 520]
Event: 58.544 Thread 0x000001729cd31b10 Exception <a 'sun/nio/fs/WindowsException'{0x00000000eae09520}> (0x00000000eae09520) 
thrown [s\src\hotspot\share\prims\jni.cpp, line 520]
Event: 58.544 Thread 0x000001729cd31b10 Exception <a 'sun/nio/fs/WindowsException'{0x00000000eaf0b6f0}> (0x00000000eaf0b6f0) 
thrown [s\src\hotspot\share\prims\jni.cpp, line 520]
Event: 58.545 Thread 0x000001729cd31b10 Exception <a 'sun/nio/fs/WindowsException'{0x00000000eaf0d2c0}> (0x00000000eaf0d2c0) 
thrown [s\src\hotspot\share\prims\jni.cpp, line 520]
Event: 58.545 Thread 0x000001729cd31b10 Exception <a 'sun/nio/fs/WindowsException'{0x00000000eaf0d8f0}> (0x00000000eaf0d8f0) 
thrown [s\src\hotspot\share\prims\jni.cpp, line 520]
Event: 58.548 Thread 0x000001729cd31b10 Exception <a 'sun/nio/fs/WindowsException'{0x00000000eaf3fbf0}> (0x00000000eaf3fbf0) 
thrown [s\src\hotspot\share\prims\jni.cpp, line 520]
Event: 58.548 Thread 0x000001729cd31b10 Exception <a 'sun/nio/fs/WindowsException'{0x00000000eaf404d0}> (0x00000000eaf404d0) 
thrown [s\src\hotspot\share\prims\jni.cpp, line 520]

ZGC Phase Switch (0 events):
No events

VM Operations (20 events):
Event: 28.065 Executing VM operation: ParallelGCFailedAllocation (Allocation Failure)
Event: 28.074 Executing VM operation: ParallelGCFailedAllocation (Allocation Failure) done
Event: 28.088 Executing VM operation: ParallelGCFailedAllocation (Allocation Failure)
Event: 28.101 Executing VM operation: ParallelGCFailedAllocation (Allocation Failure) done
Event: 31.065 Executing VM operation: ParallelGCFailedAllocation (Allocation Failure)
Event: 31.073 Executing VM operation: ParallelGCFailedAllocation (Allocation Failure) done
Event: 32.075 Executing VM operation: Cleanup
Event: 32.075 Executing VM operation: Cleanup done
Event: 58.267 Executing VM operation: HandshakeAllThreads (Deoptimize)
Event: 58.267 Executing VM operation: HandshakeAllThreads (Deoptimize) done
Event: 58.267 Executing VM operation: Cleanup
Event: 58.268 Executing VM operation: Cleanup done
Event: 58.304 Executing VM operation: ParallelGCFailedAllocation (Allocation Failure)
Event: 58.319 Executing VM operation: ParallelGCFailedAllocation (Allocation Failure) done
Event: 58.357 Executing VM operation: ParallelGCFailedAllocation (Allocation Failure)
Event: 58.381 Executing VM operation: ParallelGCFailedAllocation (Allocation Failure) done
Event: 58.488 Executing VM operation: ParallelGCFailedAllocation (Allocation Failure)
Event: 58.496 Executing VM operation: ParallelGCFailedAllocation (Allocation Failure) done
Event: 58.573 Executing VM operation: HandshakeAllThreads (Deoptimize)
Event: 58.573 Executing VM operation: HandshakeAllThreads (Deoptimize) done

Memory protections (0 events):
No events

Nmethod flushes (20 events):
Event: 9.487 Thread 0x0000017247cc0ff0 flushing  nmethod 0x0000017237416690
Event: 9.487 Thread 0x0000017247cc0ff0 flushing  nmethod 0x0000017237419b90
Event: 9.487 Thread 0x0000017247cc0ff0 flushing  nmethod 0x000001723741a290
Event: 9.487 Thread 0x0000017247cc0ff0 flushing  nmethod 0x000001723741b190
Event: 9.487 Thread 0x0000017247cc0ff0 flushing  nmethod 0x000001723741b790
Event: 9.487 Thread 0x0000017247cc0ff0 flushing  nmethod 0x000001723741dc90
Event: 9.487 Thread 0x0000017247cc0ff0 flushing  nmethod 0x0000017237422390
Event: 9.487 Thread 0x0000017247cc0ff0 flushing  nmethod 0x000001723742b210
Event: 9.487 Thread 0x0000017247cc0ff0 flushing  nmethod 0x0000017237455410
Event: 9.487 Thread 0x0000017247cc0ff0 flushing  nmethod 0x000001723745cf90
Event: 9.487 Thread 0x0000017247cc0ff0 flushing  nmethod 0x0000017237492f10
Event: 9.487 Thread 0x0000017247cc0ff0 flushing  nmethod 0x00000172374a3b10
Event: 9.487 Thread 0x0000017247cc0ff0 flushing  nmethod 0x00000172374d1210
Event: 9.487 Thread 0x0000017247cc0ff0 flushing  nmethod 0x00000172374e7290
Event: 9.487 Thread 0x0000017247cc0ff0 flushing  nmethod 0x00000172374e8210
Event: 9.487 Thread 0x0000017247cc0ff0 flushing  nmethod 0x00000172374e8d90
Event: 9.487 Thread 0x0000017247cc0ff0 flushing  nmethod 0x00000172374ea290
Event: 9.487 Thread 0x0000017247cc0ff0 flushing  nmethod 0x00000172374eb310
Event: 9.487 Thread 0x0000017247cc0ff0 flushing  nmethod 0x00000172374ebe10
Event: 9.487 Thread 0x0000017247cc0ff0 flushing  nmethod 0x000001723751fe10

Events (20 events):
Event: 13.555 Thread 0x000001728edb0200 Thread added: 0x000001729cd36340
Event: 13.624 Thread 0x000001729cd31b10 Thread exited: 0x000001729cd31b10
Event: 13.624 Thread 0x000001729cd36340 Thread exited: 0x000001729cd36340
Event: 13.625 Thread 0x000001729cd34900 Thread exited: 0x000001729cd34900
Event: 13.625 Thread 0x000001729cd37060 Thread exited: 0x000001729cd37060
Event: 13.625 Thread 0x000001729cd376f0 Thread exited: 0x000001729cd376f0
Event: 14.526 Thread 0x000001728edb3d10 Thread added: 0x000001729cd33be0
Event: 14.542 Thread 0x000001728edb3d10 Thread added: 0x000001729cd32ec0
Event: 14.602 Thread 0x000001728eafaf70 Thread added: 0x000001729cd34900
Event: 16.056 Thread 0x000001729cd33be0 Thread added: 0x000001729cd31b10
Event: 18.071 Thread 0x000001728eeade70 Thread exited: 0x000001728eeade70
Event: 19.603 Thread 0x000001729cd34900 Thread exited: 0x000001729cd34900
Event: 21.448 Thread 0x0000017247cfc3f0 Thread added: 0x0000017292b08320
Event: 21.821 Thread 0x0000017292b08320 Thread exited: 0x0000017292b08320
Event: 22.144 Thread 0x0000017247cfcf30 Thread added: 0x00000172907b8270
Event: 23.546 Thread 0x00000172907b8270 Thread exited: 0x00000172907b8270
Event: 26.771 Thread 0x000001729cd31b10 Thread added: 0x000001729cd36340
Event: 28.119 Thread 0x000001729cd36340 Thread exited: 0x000001729cd36340
Event: 31.047 Thread 0x0000017247cfcf30 Thread added: 0x00000172315e8bc0
Event: 36.141 Thread 0x00000172315e8bc0 Thread exited: 0x00000172315e8bc0


Dynamic libraries:
0x00007ff70c640000 - 0x00007ff70c64e000 	c:\Users\VoTha\.vscode\extensions\redhat.java-1.41.1-win32-x64\jre\21.0.6-win32-x86_64\bin\java.exe
0x00007ffe87ff0000 - 0x00007ffe881e8000 	C:\WINDOWS\SYSTEM32\ntdll.dll
0x00007ffe87a80000 - 0x00007ffe87b42000 	C:\WINDOWS\System32\KERNEL32.DLL
0x00007ffe856c0000 - 0x00007ffe859bf000 	C:\WINDOWS\System32\KERNELBASE.dll
0x00007ffe85e30000 - 0x00007ffe85f30000 	C:\WINDOWS\System32\ucrtbase.dll
0x00007ffe52e50000 - 0x00007ffe52e68000 	c:\Users\VoTha\.vscode\extensions\redhat.java-1.41.1-win32-x64\jre\21.0.6-win32-x86_64\bin\jli.dll
0x00007ffe555c0000 - 0x00007ffe555de000 	c:\Users\VoTha\.vscode\extensions\redhat.java-1.41.1-win32-x64\jre\21.0.6-win32-x86_64\bin\VCRUNTIME140.dll
0x00007ffe87d00000 - 0x00007ffe87e9d000 	C:\WINDOWS\System32\USER32.dll
0x00007ffe831b0000 - 0x00007ffe8344a000 	C:\WINDOWS\WinSxS\amd64_microsoft.windows.common-controls_6595b64144ccf1df_6.0.19041.4355_none_60b8b9eb71f62e16\COMCTL32.dll
0x00007ffe85690000 - 0x00007ffe856b2000 	C:\WINDOWS\System32\win32u.dll
0x00007ffe86070000 - 0x00007ffe8609b000 	C:\WINDOWS\System32\GDI32.dll
0x00007ffe87c50000 - 0x00007ffe87cee000 	C:\WINDOWS\System32\msvcrt.dll
0x00007ffe859c0000 - 0x00007ffe85ada000 	C:\WINDOWS\System32\gdi32full.dll
0x00007ffe85ae0000 - 0x00007ffe85b7d000 	C:\WINDOWS\System32\msvcp_win.dll
0x00007ffe87b50000 - 0x00007ffe87b7f000 	C:\WINDOWS\System32\IMM32.DLL
0x0000017231590000 - 0x00000172315a6000 	C:\WINDOWS\System32\umppc19508.dll
0x00007ffe85490000 - 0x00007ffe854c8000 	C:\Program Files\Citrix\System32\MfApHook64.dll
0x00007ffe853c0000 - 0x00007ffe853d2000 	C:\Program Files\Citrix\IcaService\FullScreenHook64.dll
0x00007ffe86400000 - 0x00007ffe864af000 	C:\WINDOWS\System32\ADVAPI32.dll
0x00007ffe87850000 - 0x00007ffe878ef000 	C:\WINDOWS\System32\sechost.dll
0x00007ffe87520000 - 0x00007ffe87643000 	C:\WINDOWS\System32\RPCRT4.dll
0x00007ffe85f30000 - 0x00007ffe85f57000 	C:\WINDOWS\System32\bcrypt.dll
0x00007ffe378e0000 - 0x00007ffe3796d000 	c:\Users\VoTha\.vscode\extensions\redhat.java-1.41.1-win32-x64\jre\21.0.6-win32-x86_64\bin\MSVCP140.dll
0x00007ffe5c460000 - 0x00007ffe5c46c000 	c:\Users\VoTha\.vscode\extensions\redhat.java-1.41.1-win32-x64\jre\21.0.6-win32-x86_64\bin\VCRUNTIME140_1.dll
0x00007ffe84ee0000 - 0x00007ffe84f0a000 	C:\Program Files\Citrix\ICAService\ShellHook64.dll
0x00007ffe876d0000 - 0x00007ffe87725000 	C:\WINDOWS\System32\SHLWAPI.dll
0x00007ffe84dd0000 - 0x00007ffe84edf000 	C:\Program Files\Citrix\IcaService\SCardHook64.dll
0x00007ffe84d10000 - 0x00007ffe84d30000 	C:\Program Files\Citrix\ICAService\cxinjime64.dll
0x00007ffe84ce0000 - 0x00007ffe84d0d000 	C:\Program Files\Citrix\ICAService\PicaWtsHook64.dll
0x00007ffe10b10000 - 0x00007ffe118a0000 	c:\Users\VoTha\.vscode\extensions\redhat.java-1.41.1-win32-x64\jre\21.0.6-win32-x86_64\bin\server\jvm.dll
0x00007ffe87ee0000 - 0x00007ffe87f4b000 	C:\WINDOWS\System32\WS2_32.dll
0x00007ffe854f0000 - 0x00007ffe8553b000 	C:\WINDOWS\SYSTEM32\POWRPROF.dll
0x00007ffe7ce50000 - 0x00007ffe7ce77000 	C:\WINDOWS\SYSTEM32\WINMM.dll
0x00007ffe85270000 - 0x00007ffe8527a000 	C:\WINDOWS\SYSTEM32\VERSION.dll
0x00007ffe854d0000 - 0x00007ffe854e2000 	C:\WINDOWS\SYSTEM32\UMPDC.dll
0x00007ffe836c0000 - 0x00007ffe836d2000 	C:\WINDOWS\SYSTEM32\kernel.appcore.dll
0x00007ffe5bc80000 - 0x00007ffe5bc8a000 	c:\Users\VoTha\.vscode\extensions\redhat.java-1.41.1-win32-x64\jre\21.0.6-win32-x86_64\bin\jimage.dll
0x00007ffe82cf0000 - 0x00007ffe82ed4000 	C:\WINDOWS\SYSTEM32\DBGHELP.DLL
0x00007ffe6fe40000 - 0x00007ffe6fe74000 	C:\WINDOWS\SYSTEM32\dbgcore.DLL
0x00007ffe85da0000 - 0x00007ffe85e22000 	C:\WINDOWS\System32\bcryptPrimitives.dll
0x00007ffe5bbe0000 - 0x00007ffe5bbef000 	c:\Users\VoTha\.vscode\extensions\redhat.java-1.41.1-win32-x64\jre\21.0.6-win32-x86_64\bin\instrument.dll
0x00007ffe520a0000 - 0x00007ffe520bf000 	c:\Users\VoTha\.vscode\extensions\redhat.java-1.41.1-win32-x64\jre\21.0.6-win32-x86_64\bin\java.dll
0x00007ffe86d00000 - 0x00007ffe8746d000 	C:\WINDOWS\System32\SHELL32.dll
0x00007ffe82450000 - 0x00007ffe82bf4000 	C:\WINDOWS\SYSTEM32\windows.storage.dll
0x00007ffe860a0000 - 0x00007ffe863f5000 	C:\WINDOWS\System32\combase.dll
0x00007ffe848d0000 - 0x00007ffe848fb000 	C:\WINDOWS\SYSTEM32\Wldp.dll
0x00007ffe87b80000 - 0x00007ffe87c4d000 	C:\WINDOWS\System32\OLEAUT32.dll
0x00007ffe87470000 - 0x00007ffe8751d000 	C:\WINDOWS\System32\SHCORE.dll
0x00007ffe855c0000 - 0x00007ffe855e5000 	C:\WINDOWS\SYSTEM32\profapi.dll
0x00007ffe516c0000 - 0x00007ffe516d8000 	c:\Users\VoTha\.vscode\extensions\redhat.java-1.41.1-win32-x64\jre\21.0.6-win32-x86_64\bin\zip.dll
0x00007ffe5a1a0000 - 0x00007ffe5a1b0000 	C:\Users\VoTha\.vscode\extensions\redhat.java-1.41.1-win32-x64\jre\21.0.6-win32-x86_64\bin\net.dll
0x00007ffe83e90000 - 0x00007ffe83f9a000 	C:\WINDOWS\SYSTEM32\WINHTTP.dll
0x00007ffe845e0000 - 0x00007ffe8464c000 	C:\WINDOWS\system32\mswsock.dll
0x00007ffe4ed60000 - 0x00007ffe4ed76000 	C:\Users\VoTha\.vscode\extensions\redhat.java-1.41.1-win32-x64\jre\21.0.6-win32-x86_64\bin\nio.dll
0x00007ffe59f50000 - 0x00007ffe59f60000 	c:\Users\VoTha\.vscode\extensions\redhat.java-1.41.1-win32-x64\jre\21.0.6-win32-x86_64\bin\verify.dll
0x00007ffe3fc00000 - 0x00007ffe3fc45000 	C:\Users\VoTha\AppData\Roaming\Code\User\globalStorage\redhat.java\1.41.1\config_win\org.eclipse.equinox.launcher\org.eclipse.equinox.launcher.win32.win32.x86_64_1.2.1300.v20250331-1702\eclipse_11911.dll
0x00007ffe87950000 - 0x00007ffe87a7b000 	C:\WINDOWS\System32\ole32.dll
0x00007ffe847e0000 - 0x00007ffe847f8000 	C:\WINDOWS\SYSTEM32\CRYPTSP.dll
0x00007ffe83e00000 - 0x00007ffe83e38000 	C:\WINDOWS\system32\rsaenh.dll
0x00007ffe85580000 - 0x00007ffe855ae000 	C:\WINDOWS\SYSTEM32\USERENV.dll
0x00007ffe847d0000 - 0x00007ffe847dc000 	C:\WINDOWS\SYSTEM32\CRYPTBASE.dll
0x00007ffe842d0000 - 0x00007ffe8430b000 	C:\WINDOWS\SYSTEM32\IPHLPAPI.DLL
0x00007ffe87cf0000 - 0x00007ffe87cf8000 	C:\WINDOWS\System32\NSI.dll
0x00007ffe381b0000 - 0x00007ffe381f9000 	C:\Users\VoTha\AppData\Local\Temp\jna-82813652\jna17006517144770217450.dll
0x00007ffe87ec0000 - 0x00007ffe87ec8000 	C:\WINDOWS\System32\PSAPI.DLL
0x00007ffe7ef00000 - 0x00007ffe7ef17000 	C:\WINDOWS\SYSTEM32\dhcpcsvc6.DLL
0x00007ffe7ed60000 - 0x00007ffe7ed7d000 	C:\WINDOWS\SYSTEM32\dhcpcsvc.DLL
0x00007ffe70540000 - 0x00007ffe7054e000 	C:\Users\VoTha\.vscode\extensions\redhat.java-1.41.1-win32-x64\jre\21.0.6-win32-x86_64\bin\sunmscapi.dll
0x00007ffe85c40000 - 0x00007ffe85d9c000 	C:\WINDOWS\System32\CRYPT32.dll
0x00007ffe84940000 - 0x00007ffe84967000 	C:\WINDOWS\SYSTEM32\ncrypt.dll
0x00007ffe84900000 - 0x00007ffe8493b000 	C:\WINDOWS\SYSTEM32\NTASN1.dll
0x00007ffe84310000 - 0x00007ffe843da000 	C:\WINDOWS\SYSTEM32\DNSAPI.dll
0x00007ffe7e470000 - 0x00007ffe7e47a000 	C:\Windows\System32\rasadhlp.dll
0x00007ffe7ef30000 - 0x00007ffe7efb0000 	C:\WINDOWS\System32\fwpuclnt.dll
0x00007ffe5d550000 - 0x00007ffe5d559000 	C:\Users\VoTha\.vscode\extensions\redhat.java-1.41.1-win32-x64\jre\21.0.6-win32-x86_64\bin\extnet.dll
0x00007ffe84160000 - 0x00007ffe84193000 	C:\WINDOWS\SYSTEM32\ntmarta.dll

dbghelp: loaded successfully - version: 4.0.5 - missing functions: none
symbol engine: initialized successfully - sym options: 0x614 - pdb path: .;c:\Users\VoTha\.vscode\extensions\redhat.java-1.41.1-win32-x64\jre\21.0.6-win32-x86_64\bin;C:\WINDOWS\SYSTEM32;C:\WINDOWS\WinSxS\amd64_microsoft.windows.common-controls_6595b64144ccf1df_6.0.19041.4355_none_60b8b9eb71f62e16;C:\Program Files\Citrix\System32;C:\Program Files\Citrix\IcaService;c:\Users\VoTha\.vscode\extensions\redhat.java-1.41.1-win32-x64\jre\21.0.6-win32-x86_64\bin\server;C:\Users\VoTha\AppData\Roaming\Code\User\globalStorage\redhat.java\1.41.1\config_win\org.eclipse.equinox.launcher\org.eclipse.equinox.launcher.win32.win32.x86_64_1.2.1300.v20250331-1702;C:\Users\VoTha\AppData\Local\Temp\jna-82813652

VM Arguments:
jvm_args: --add-modules=ALL-SYSTEM --add-opens=java.base/java.util=ALL-UNNAMED --add-opens=java.base/java.lang=ALL-UNNAMED --add-opens=java.base/sun.nio.fs=ALL-UNNAMED -Declipse.application=org.eclipse.jdt.ls.core.id1 -Dosgi.bundles.defaultStartLevel=4 -Declipse.product=org.eclipse.jdt.ls.core.product -Djava.import.generatesMetadataFilesAtProjectRoot=false -DDetectVMInstallationsJob.disabled=true -Dfile.encoding=utf8 -XX:+UseParallelGC -XX:GCTimeRatio=4 -XX:AdaptiveSizePolicyWeight=90 -Dsun.zip.disableMemoryMapping=true -Xmx1G -Xms100m -Xlog:disable -javaagent:c:\Users\VoTha\.vscode\extensions\redhat.java-1.41.1-win32-x64\lombok\lombok-1.18.36.jar -XX:+HeapDumpOnOutOfMemoryError -XX:HeapDumpPath=c:\Users\VoTha\AppData\Roaming\Code\User\workspaceStorage\8a37e1c9b80832475a9bb2756c029f45\redhat.java -Daether.dependencyCollector.impl=bf 
java_command: c:\Users\VoTha\.vscode\extensions\redhat.java-1.41.1-win32-x64\server\plugins\org.eclipse.equinox.launcher_1.7.0.v20250331-1702.jar -configuration c:\Users\VoTha\AppData\Roaming\Code\User\globalStorage\redhat.java\1.41.1\config_win -data c:\Users\VoTha\AppData\Roaming\Code\User\workspaceStorage\8a37e1c9b80832475a9bb2756c029f45\redhat.java\jdt_ws --pipe=\\.\pipe\lsp-c5385db19278a6b7f41122a664a12e0c-sock
java_class_path (initial): c:\Users\VoTha\.vscode\extensions\redhat.java-1.41.1-win32-x64\server\plugins\org.eclipse.equinox.launcher_1.7.0.v20250331-1702.jar
Launcher Type: SUN_STANDARD

[Global flags]
    uintx AdaptiveSizePolicyWeight                 = 90                                        {product} {command line}
     intx CICompilerCount                          = 3                                         {product} {ergonomic}
    uintx GCTimeRatio                              = 4                                         {product} {command line}
     bool HeapDumpOnOutOfMemoryError               = true                                   {manageable} {command line}
    ccstr HeapDumpPath                             = c:\Users\VoTha\AppData\Roaming\Code\User\workspaceStorage\8a37e1c9b80832475a9bb2756c029f45\redhat.java         {manageable} {command line}
   size_t InitialHeapSize                          = 104857600                                 {product} {command line}
   size_t MaxHeapSize                              = 1073741824                                {product} {command line}
   size_t MaxNewSize                               = 357564416                                 {product} {ergonomic}
   size_t MinHeapDeltaBytes                        = 524288                                    {product} {ergonomic}
   size_t MinHeapSize                              = 104857600                                 {product} {command line}
   size_t NewSize                                  = 34603008                                  {product} {ergonomic}
    uintx NonNMethodCodeHeapSize                   = 5832780                                {pd product} {ergonomic}
    uintx NonProfiledCodeHeapSize                  = 122912730                              {pd product} {ergonomic}
   size_t OldSize                                  = 70254592                                  {product} {ergonomic}
    uintx ProfiledCodeHeapSize                     = 122912730                              {pd product} {ergonomic}
    uintx ReservedCodeCacheSize                    = 251658240                              {pd product} {ergonomic}
     bool SegmentedCodeCache                       = true                                      {product} {ergonomic}
   size_t SoftMaxHeapSize                          = 1073741824                             {manageable} {ergonomic}
     bool UseCompressedOops                        = true                           {product lp64_product} {ergonomic}
     bool UseLargePagesIndividualAllocation        = false                                  {pd product} {ergonomic}
     bool UseParallelGC                            = true                                      {product} {command line}

Logging:
Log output configuration:
 #0: stdout all=off uptime,level,tags foldmultilines=false
 #1: stderr all=off uptime,level,tags foldmultilines=false

Environment Variables:
JAVA_HOME=C:\Program Files\Zulu\zulu-23
PATH=C:\Program Files\Zulu\zulu-23\bin\;C:\Program Files\Python37\Scripts\;C:\Program Files\Python37\;C:\Program Files (x86)\Common Files\Oracle\Java\javapath;C:\WINDOWS\system32;C:\WINDOWS;C:\WINDOWS\System32\Wbem;C:\WINDOWS\System32\WindowsPowerShell\v1.0\;C:\WINDOWS\System32\OpenSSH\;C:\Program Files (x86)\Box\Box Edit\;C:\Program Files\Citrix\System32\;C:\Program Files\Citrix\ICAService\;C:\Program Files\Citrix\Virtual Desktop Agent\;C:\Program Files\TortoiseSVN\bin;C:\Program Files (x86)\Microsoft SQL Server\150\DTS\Binn\;C:\Program Files\Azure Data Studio\bin;C:\Program Files\PuTTY\;C:\Program Files\Git\cmd;C:\Program Files\Microsoft VS Code\bin;C:\Users\VoTha\AppData\Local\Microsoft\WindowsApps;C:\Users\VoTha\apache-maven-3.9.9-bin\apache-maven-3.9.9\bin;C:\Program Files\Zulu\zulu-23\bin;?C:\Users\VoTha\allure-2.32.0\bin;
USERNAME=VoTha
OS=Windows_NT
PROCESSOR_IDENTIFIER=Intel64 Family 6 Model 45 Stepping 2, GenuineIntel
TMP=C:\Users\VoTha\AppData\Local\Temp
TEMP=C:\Users\VoTha\AppData\Local\Temp




Periodic native trim disabled

---------------  S Y S T E M  ---------------

OS:
 Windows 10 , 64 bit Build 19041 (10.0.19041.5438)
OS uptime: 13 days 2:04 hours
VMWare virtualization detected

CPU: total 4 (initial active 4) (2 cores per cpu, 1 threads per core) family 6 model 45 stepping 2 microcode 0x2b000571, cx8, cmov, fxsr, mmx, sse, sse2, sse3, ssse3, sse4.1, sse4.2, popcnt, tsc, tscinvbit, avx, aes, clmul, vzeroupper, clflush, hv, rdtscp
Processor Information for the first 4 processors :
  Max Mhz: 2600, Current Mhz: 2600, Mhz Limit: 2600

Memory: 4k page, system-wide physical 8191M (336M free)
TotalPageFile size 18254M (AvailPageFile size 4M)
current process WorkingSet (physical memory assigned to process): 756M, peak: 788M
current process commit charge ("private bytes"): 962M, peak: 963M

vm_info: OpenJDK 64-Bit Server VM (21.0.6+7-LTS) for windows-amd64 JRE (21.0.6+7-LTS), built on 2025-01-21T00:00:00Z by "admin" with MS VC++ 17.7 (VS2022)

END.
