#
# There is insufficient memory for the Java Runtime Environment to continue.
# Native memory allocation (mmap) failed to map 12582912 bytes. Error detail: G1 virtual space
# Possible reasons:
#   The system is out of physical RAM or swap space
#   This process is running with CompressedOops enabled, and the Java Heap may be blocking the growth of the native heap
# Possible solutions:
#   Reduce memory load on the system
#   Increase physical memory or swap space
#   Check if swap backing store is full
#   Decrease Java heap size (-Xmx/-Xms)
#   Decrease number of Java threads
#   Decrease Java thread stack sizes (-Xss)
#   Set larger code cache with -XX:ReservedCodeCacheSize=
#   JVM is running with Unscaled Compressed Oops mode in which the Java heap is
#     placed in the first 4GB address space. The Java Heap base address is the
#     maximum limit for the native heap growth. Please use -XX:HeapBaseMinAddress
#     to set the Java Heap base and to place the Java Heap above 4GB virtual address.
# This output file may be truncated or incomplete.
#
#  Out of Memory Error (os_windows.cpp:3707), pid=20916, tid=15856
#
# JRE version: OpenJDK Runtime Environment Zulu23.32+11-CA (23.0.2+7) (build 23.0.2+7)
# Java VM: OpenJDK 64-Bit Server VM Zulu23.32+11-CA (23.0.2+7, mixed mode, sharing, tiered, compressed oops, compressed class ptrs, g1 gc, windows-amd64)
# No core dump will be written. Minidumps are not enabled by default on client versions of Windows
#

---------------  S U M M A R Y ------------

Command Line: -Dclassworlds.conf=C:\Users\VoTha\apache-maven-3.9.9-bin\apache-maven-3.9.9\bin\m2.conf -Dmaven.home=C:\Users\VoTha\apache-maven-3.9.9-bin\apache-maven-3.9.9 -Dlibrary.jansi.path=C:\Users\VoTha\apache-maven-3.9.9-bin\apache-maven-3.9.9\lib\jansi-native -Dmaven.multiModuleProjectDirectory=C:\Users\VoTha\Desktop\Playwright\forward-plus-automation org.codehaus.plexus.classworlds.launcher.Launcher clean test -Dtest=SimpleTest#simpleTest

Host: Intel(R) Xeon(R) Gold 6442Y, 4 cores, 7G,  Windows 10 , 64 bit Build 19041 (10.0.19041.5438)
Time: Thu May 15 12:35:56 2025 SE Asia Standard Time elapsed time: 9.661944 seconds (0d 0h 0m 9s)

---------------  T H R E A D  ---------------

Current thread (0x0000011fa51d6d50):  VMThread "VM Thread"          [id=15856, stack(0x00000015ffd00000,0x00000015ffe00000) (1024K)]

Stack: [0x00000015ffd00000,0x00000015ffe00000]
Native frames: (J=compiled Java code, j=interpreted, Vv=VM code, C=native code)
V  [jvm.dll+0x6efb29]  (no source info available)
V  [jvm.dll+0x8e0913]  (no source info available)
V  [jvm.dll+0x8e2bde]  (no source info available)
V  [jvm.dll+0x8e32c3]  (no source info available)
V  [jvm.dll+0x285ba6]  (no source info available)
V  [jvm.dll+0x6ec365]  (no source info available)
V  [jvm.dll+0x6dffda]  (no source info available)
V  [jvm.dll+0x367dba]  (no source info available)
V  [jvm.dll+0x3701f6]  (no source info available)
V  [jvm.dll+0x35c75e]  (no source info available)
V  [jvm.dll+0x35c9f8]  (no source info available)
V  [jvm.dll+0x334a9c]  (no source info available)
V  [jvm.dll+0x3374a9]  (no source info available)
V  [jvm.dll+0x34243a]  (no source info available)
V  [jvm.dll+0x37ed85]  (no source info available)
V  [jvm.dll+0x8e9348]  (no source info available)
V  [jvm.dll+0x8ea657]  (no source info available)
V  [jvm.dll+0x8eab88]  (no source info available)
V  [jvm.dll+0x8eae23]  (no source info available)
V  [jvm.dll+0x886aa8]  (no source info available)
V  [jvm.dll+0x6ee345]  (no source info available)
C  [ucrtbase.dll+0x21bb2]  (no source info available)
C  [KERNEL32.DLL+0x17374]  (no source info available)
C  [ntdll.dll+0x4cc91]  (no source info available)

VM_Operation (0x00000015ff8ff7c0): G1PauseRemark, mode: safepoint, requested by thread 0x0000011f88d01270


---------------  P R O C E S S  ---------------

Threads class SMR info:
_java_thread_list=0x0000011fecea0ab0, length=13, elements={
0x0000011f88c97560, 0x0000011fa51ec480, 0x0000011fa51f13b0, 0x0000011fa51f79c0,
0x0000011fa51f86a0, 0x0000011fa51fa110, 0x0000011fa5315590, 0x0000011fa5320350,
0x0000011fa5320e00, 0x0000011fa54b45d0, 0x0000011fa54bcee0, 0x0000011febc2f110,
0x0000011fec79beb0
}

Java Threads: ( => current thread )
  0x0000011f88c97560 JavaThread "main"                              [_thread_blocked, id=16828, stack(0x00000015ff600000,0x00000015ff700000) (1024K)]
  0x0000011fa51ec480 JavaThread "Reference Handler"          daemon [_thread_blocked, id=14060, stack(0x00000015ffe00000,0x00000015fff00000) (1024K)]
  0x0000011fa51f13b0 JavaThread "Finalizer"                  daemon [_thread_blocked, id=18472, stack(0x00000015fff00000,0x0000001600000000) (1024K)]
  0x0000011fa51f79c0 JavaThread "Signal Dispatcher"          daemon [_thread_blocked, id=16904, stack(0x0000001580000000,0x0000001580100000) (1024K)]
  0x0000011fa51f86a0 JavaThread "Attach Listener"            daemon [_thread_blocked, id=4888, stack(0x0000001580100000,0x0000001580200000) (1024K)]
  0x0000011fa51fa110 JavaThread "Service Thread"             daemon [_thread_blocked, id=3876, stack(0x0000001580200000,0x0000001580300000) (1024K)]
  0x0000011fa5315590 JavaThread "Monitor Deflation Thread"   daemon [_thread_blocked, id=16992, stack(0x0000001580300000,0x0000001580400000) (1024K)]
  0x0000011fa5320350 JavaThread "C2 CompilerThread0"         daemon [_thread_blocked, id=3040, stack(0x0000001580400000,0x0000001580500000) (1024K)]
  0x0000011fa5320e00 JavaThread "C1 CompilerThread0"         daemon [_thread_blocked, id=19620, stack(0x0000001580500000,0x0000001580600000) (1024K)]
  0x0000011fa54b45d0 JavaThread "Notification Thread"        daemon [_thread_blocked, id=17636, stack(0x0000001580600000,0x0000001580700000) (1024K)]
  0x0000011fa54bcee0 JavaThread "Common-Cleaner"             daemon [_thread_blocked, id=6444, stack(0x0000001580700000,0x0000001580800000) (1024K)]
  0x0000011febc2f110 JavaThread "Thread-1"                   daemon [_thread_blocked, id=20364, stack(0x0000001580c00000,0x0000001580d00000) (1024K)]
  0x0000011fec79beb0 JavaThread "C2 CompilerThread1"         daemon [_thread_blocked, id=17604, stack(0x0000001580800000,0x0000001580900000) (1024K)]
Total: 13

Other Threads:
=>0x0000011fa51d6d50 VMThread "VM Thread"                           [id=15856, stack(0x00000015ffd00000,0x00000015ffe00000) (1024K)]
  0x0000011fa51bf7b0 WatcherThread "VM Periodic Task Thread"        [id=19572, stack(0x00000015ffc00000,0x00000015ffd00000) (1024K)]
  0x0000011f88ceb060 WorkerThread "GC Thread#0"                     [id=14312, stack(0x00000015ff700000,0x00000015ff800000) (1024K)]
  0x0000011feb4fc3c0 WorkerThread "GC Thread#1"                     [id=3316, stack(0x0000001580900000,0x0000001580a00000) (1024K)]
  0x0000011feb4fcf80 WorkerThread "GC Thread#2"                     [id=6020, stack(0x0000001580a00000,0x0000001580b00000) (1024K)]
  0x0000011feb990700 WorkerThread "GC Thread#3"                     [id=14408, stack(0x0000001580b00000,0x0000001580c00000) (1024K)]
  0x0000011f88d01270 ConcurrentGCThread "G1 Main Marker"            [id=11076, stack(0x00000015ff800000,0x00000015ff900000) (1024K)]
  0x0000011f88d03090 WorkerThread "G1 Conc#0"                       [id=12860, stack(0x00000015ff900000,0x00000015ffa00000) (1024K)]
  0x0000011fa5080260 ConcurrentGCThread "G1 Refine#0"               [id=21152, stack(0x00000015ffa00000,0x00000015ffb00000) (1024K)]
  0x0000011fa5080de0 ConcurrentGCThread "G1 Service"                [id=7532, stack(0x00000015ffb00000,0x00000015ffc00000) (1024K)]
Total: 10

Threads with active compile tasks:
C2 CompilerThread0  9811 6764       4       jdk.nio.zipfs.ZipFileSystemProvider::readAttributes (9 bytes)
C2 CompilerThread1  9811 6765       4       jdk.nio.zipfs.ZipPath::readAttributes (58 bytes)
Total: 2

VM state: at safepoint (normal execution)

VM Mutex/Monitor currently owned by a thread:  ([mutex/lock_event])
[0x00007ffe09c15d38] Threads_lock - owner thread: 0x0000011fa51d6d50
[0x00007ffe09c15e38] Heap_lock - owner thread: 0x0000011f88d01270

Heap address: 0x0000000080000000, size: 2048 MB, Compressed Oops mode: 32-bit

CDS archive(s) mapped at: [0x0000011fa6000000-0x0000011fa6d70000-0x0000011fa6d70000), size 14090240, SharedBaseAddress: 0x0000011fa6000000, ArchiveRelocationMode: 1.
Compressed class space mapped at: 0x0000011fa7000000-0x0000011fe7000000, reserved size: 1073741824
Narrow klass base: 0x0000011fa6000000, Narrow klass shift: 0, Narrow klass range: 0x41000000

GC Precious Log:
 CardTable entry size: 512
 Card Set container configuration: InlinePtr #cards 5 size 8 Array Of Cards #cards 10 size 36 Howl #buckets 4 coarsen threshold 1843 Howl Bitmap #cards 512 size 80 coarsen threshold 460 Card regions per heap region 1 cards per card region 2048
 CPUs: 4 total, 4 available
 Memory: 8191M
 Large Page Support: Disabled
 NUMA Support: Disabled
 Compressed Oops: Enabled (32-bit)
 Heap Region Size: 1M
 Heap Min Capacity: 8M
 Heap Initial Capacity: 128M
 Heap Max Capacity: 2G
 Pre-touch: Disabled
 Parallel Workers: 4
 Concurrent Workers: 1
 Concurrent Refinement Workers: 4
 Periodic GC: Disabled

Heap:
 garbage-first heap   total reserved 2097152K, committed 49152K, used 35623K [0x0000000080000000, 0x0000000100000000)
  region size 1024K, 3 young (3072K), 2 survivors (2048K)
 Metaspace       used 34210K, committed 34624K, reserved 1114112K
  class space    used 4068K, committed 4288K, reserved 1048576K

Heap Regions: E=young(eden), S=young(survivor), O=old, HS=humongous(starts), HC=humongous(continues), CS=collection set, F=free, TAMS=top-at-mark-start, PB=parsable bottom
|   0|0x0000000080000000, 0x0000000080100000, 0x0000000080100000|100%| O|  |TAMS 0x0000000080100000| PB 0x0000000080100000| Untracked |  0
|   1|0x0000000080100000, 0x0000000080200000, 0x0000000080200000|100%| O|  |TAMS 0x0000000080200000| PB 0x0000000080200000| Untracked |  0
|   2|0x0000000080200000, 0x0000000080300000, 0x0000000080300000|100%| O|  |TAMS 0x0000000080300000| PB 0x0000000080300000| Untracked |  0
|   3|0x0000000080300000, 0x0000000080400000, 0x0000000080400000|100%| O|  |TAMS 0x0000000080400000| PB 0x0000000080400000| Untracked |  0
|   4|0x0000000080400000, 0x0000000080500000, 0x0000000080500000|100%| O|  |TAMS 0x0000000080400000| PB 0x0000000080400000| Untracked |  0
|   5|0x0000000080500000, 0x0000000080600000, 0x0000000080600000|100%| O|  |TAMS 0x0000000080600000| PB 0x0000000080600000| Untracked |  0
|   6|0x0000000080600000, 0x0000000080700000, 0x0000000080700000|100%| O|  |TAMS 0x0000000080700000| PB 0x0000000080700000| Untracked |  0
|   7|0x0000000080700000, 0x0000000080800000, 0x0000000080800000|100%| O|  |TAMS 0x0000000080800000| PB 0x0000000080800000| Untracked |  0
|   8|0x0000000080800000, 0x0000000080900000, 0x0000000080900000|100%| O|  |TAMS 0x0000000080900000| PB 0x0000000080900000| Untracked |  0
|   9|0x0000000080900000, 0x0000000080a00000, 0x0000000080a00000|100%| O|  |TAMS 0x0000000080a00000| PB 0x0000000080a00000| Untracked |  0
|  10|0x0000000080a00000, 0x0000000080b00000, 0x0000000080b00000|100%| O|  |TAMS 0x0000000080b00000| PB 0x0000000080b00000| Untracked |  0
|  11|0x0000000080b00000, 0x0000000080c00000, 0x0000000080c00000|100%| O|  |TAMS 0x0000000080c00000| PB 0x0000000080c00000| Untracked |  0
|  12|0x0000000080c00000, 0x0000000080d00000, 0x0000000080d00000|100%| O|  |TAMS 0x0000000080d00000| PB 0x0000000080d00000| Untracked |  0
|  13|0x0000000080d00000, 0x0000000080e00000, 0x0000000080e00000|100%| O|  |TAMS 0x0000000080e00000| PB 0x0000000080e00000| Untracked |  0
|  14|0x0000000080e00000, 0x0000000080f00000, 0x0000000080f00000|100%| O|  |TAMS 0x0000000080f00000| PB 0x0000000080f00000| Untracked |  0
|  15|0x0000000080f00000, 0x0000000081000000, 0x0000000081000000|100%| O|  |TAMS 0x0000000081000000| PB 0x0000000081000000| Untracked |  0
|  16|0x0000000081000000, 0x0000000081100000, 0x0000000081100000|100%| O|  |TAMS 0x0000000081100000| PB 0x0000000081100000| Untracked |  0
|  17|0x0000000081100000, 0x0000000081200000, 0x0000000081200000|100%| O|  |TAMS 0x0000000081200000| PB 0x0000000081200000| Untracked |  0
|  18|0x0000000081200000, 0x0000000081300000, 0x0000000081300000|100%| O|  |TAMS 0x0000000081300000| PB 0x0000000081300000| Untracked |  0
|  19|0x0000000081300000, 0x0000000081400000, 0x0000000081400000|100%| O|  |TAMS 0x0000000081400000| PB 0x0000000081400000| Untracked |  0
|  20|0x0000000081400000, 0x0000000081500000, 0x0000000081500000|100%| O|  |TAMS 0x0000000081500000| PB 0x0000000081500000| Untracked |  0
|  21|0x0000000081500000, 0x0000000081600000, 0x0000000081600000|100%| O|  |TAMS 0x0000000081600000| PB 0x0000000081600000| Untracked |  0
|  22|0x0000000081600000, 0x0000000081700000, 0x0000000081700000|100%| O|  |TAMS 0x0000000081700000| PB 0x0000000081700000| Untracked |  0
|  23|0x0000000081700000, 0x0000000081800000, 0x0000000081800000|100%| O|  |TAMS 0x0000000081800000| PB 0x0000000081800000| Untracked |  0
|  24|0x0000000081800000, 0x0000000081900000, 0x0000000081900000|100%| O|  |TAMS 0x0000000081900000| PB 0x0000000081900000| Untracked |  0
|  25|0x0000000081900000, 0x0000000081a00000, 0x0000000081a00000|100%| O|  |TAMS 0x0000000081a00000| PB 0x0000000081a00000| Untracked |  0
|  26|0x0000000081a00000, 0x0000000081b00000, 0x0000000081b00000|100%| O|  |TAMS 0x0000000081b00000| PB 0x0000000081b00000| Untracked |  0
|  27|0x0000000081b00000, 0x0000000081c00000, 0x0000000081c00000|100%| O|  |TAMS 0x0000000081c00000| PB 0x0000000081c00000| Untracked |  0
|  28|0x0000000081c00000, 0x0000000081d00000, 0x0000000081d00000|100%| O|  |TAMS 0x0000000081d00000| PB 0x0000000081d00000| Untracked |  0
|  29|0x0000000081d00000, 0x0000000081e00000, 0x0000000081e00000|100%| O|  |TAMS 0x0000000081d68f00| PB 0x0000000081d68f00| Untracked |  0
|  30|0x0000000081e00000, 0x0000000081e72de0, 0x0000000081f00000| 44%| O|  |TAMS 0x0000000081e00000| PB 0x0000000081e00000| Untracked |  0
|  31|0x0000000081f00000, 0x0000000081f00000, 0x0000000082000000|  0%| F|  |TAMS 0x0000000081f00000| PB 0x0000000081f00000| Untracked |  0
|  32|0x0000000082000000, 0x0000000082000000, 0x0000000082100000|  0%| F|  |TAMS 0x0000000082000000| PB 0x0000000082000000| Untracked |  0
|  33|0x0000000082100000, 0x0000000082156e50, 0x0000000082200000| 33%| S|CS|TAMS 0x0000000082100000| PB 0x0000000082100000| Complete |  0
|  34|0x0000000082200000, 0x0000000082200000, 0x0000000082300000|  0%| F|  |TAMS 0x0000000082200000| PB 0x0000000082200000| Untracked |  0
|  35|0x0000000082300000, 0x0000000082300000, 0x0000000082400000|  0%| F|  |TAMS 0x0000000082300000| PB 0x0000000082300000| Untracked |  0
|  36|0x0000000082400000, 0x0000000082500000, 0x0000000082500000|100%| S|CS|TAMS 0x0000000082400000| PB 0x0000000082400000| Complete |  0
|  37|0x0000000082500000, 0x0000000082500000, 0x0000000082600000|  0%| F|  |TAMS 0x0000000082500000| PB 0x0000000082500000| Untracked |  0
|  38|0x0000000082600000, 0x0000000082600000, 0x0000000082700000|  0%| F|  |TAMS 0x0000000082600000| PB 0x0000000082600000| Untracked |  0
|  86|0x0000000085600000, 0x0000000085600000, 0x0000000085700000|  0%| F|  |TAMS 0x0000000085600000| PB 0x0000000085600000| Untracked |  0
|  87|0x0000000085700000, 0x0000000085700000, 0x0000000085800000|  0%| F|  |TAMS 0x0000000085700000| PB 0x0000000085700000| Untracked |  0
|  88|0x0000000085800000, 0x0000000085800000, 0x0000000085900000|  0%| F|  |TAMS 0x0000000085800000| PB 0x0000000085800000| Untracked |  0
|  89|0x0000000085900000, 0x0000000085900000, 0x0000000085a00000|  0%| F|  |TAMS 0x0000000085900000| PB 0x0000000085900000| Untracked |  0
|  93|0x0000000085d00000, 0x0000000085d00000, 0x0000000085e00000|  0%| F|  |TAMS 0x0000000085d00000| PB 0x0000000085d00000| Untracked |  0
|  94|0x0000000085e00000, 0x0000000085e809b0, 0x0000000085f00000| 50%| E|  |TAMS 0x0000000085e00000| PB 0x0000000085e00000| Complete |  0
|2045|0x00000000ffd00000, 0x00000000ffe00000, 0x00000000ffe00000|100%| O|Cm|TAMS 0x00000000ffe00000| PB 0x00000000ffe00000| Updating |  0
|2046|0x00000000ffe00000, 0x00000000fff00000, 0x00000000fff00000|100%| O|  |TAMS 0x00000000fff00000| PB 0x00000000fff00000| Untracked |  0
|2047|0x00000000fff00000, 0x0000000100000000, 0x0000000100000000|100%| O|  |TAMS 0x0000000100000000| PB 0x0000000100000000| Untracked |  0

Card table byte_map: [0x0000011fa09e0000,0x0000011fa0de0000] _byte_map_base: 0x0000011fa05e0000

Marking Bits: (CMBitMap*) 0x0000011f88ceb770
 Bits: [0x0000011fa0de0000, 0x0000011fa2de0000)

Polling page: 0x0000011f86970000

Metaspace:

Usage:
  Non-class:     29.43 MB used.
      Class:      3.97 MB used.
       Both:     33.41 MB used.

Virtual space:
  Non-class space:       64.00 MB reserved,      29.62 MB ( 46%) committed,  1 nodes.
      Class space:        1.00 GB reserved,       4.19 MB ( <1%) committed,  1 nodes.
             Both:        1.06 GB reserved,      33.81 MB (  3%) committed. 

Chunk freelists:
   Non-Class:  2.08 MB
       Class:  11.67 MB
        Both:  13.75 MB

MaxMetaspaceSize: unlimited
CompressedClassSpaceSize: 1.00 GB
Initial GC threshold: 21.00 MB
Current GC threshold: 55.75 MB
CDS: on
 - commit_granule_bytes: 65536.
 - commit_granule_words: 8192.
 - virtual_space_node_default_size: 8388608.
 - enlarge_chunks_in_place: 1.
 - use_allocation_guard: 0.


Internal statistics:

num_allocs_failed_limit: 3.
num_arena_births: 282.
num_arena_deaths: 0.
num_vsnodes_births: 2.
num_vsnodes_deaths: 0.
num_space_committed: 541.
num_space_uncommitted: 0.
num_chunks_returned_to_freelist: 3.
num_chunks_taken_from_freelist: 1269.
num_chunk_merges: 0.
num_chunk_splits: 898.
num_chunks_enlarged: 731.
num_inconsistent_stats: 0.

CodeHeap 'non-profiled nmethods': size=120064Kb used=2333Kb max_used=2562Kb free=117730Kb
 bounds [0x0000011f990a0000, 0x0000011f99330000, 0x0000011fa05e0000]
CodeHeap 'profiled nmethods': size=120000Kb used=9026Kb max_used=10909Kb free=110973Kb
 bounds [0x0000011f915e0000, 0x0000011f92090000, 0x0000011f98b10000]
CodeHeap 'non-nmethods': size=5696Kb used=1550Kb max_used=1593Kb free=4145Kb
 bounds [0x0000011f98b10000, 0x0000011f98d80000, 0x0000011f990a0000]
CodeCache: size=245760Kb, used=12909Kb, max_used=15064Kb, free=232848Kb
 total_blobs=6636, nmethods=6009, adapters=531, full_count=0
Compilation: enabled, stopped_count=0, restarted_count=0

Compilation events (20 events):
Event: 9.641 Thread 0x0000011fec79beb0 nmethod 6956 0x0000011f990b3808 code [0x0000011f990b3900, 0x0000011f990b39d8]
Event: 9.641 Thread 0x0000011fa5320350 6911       4       java.util.ArrayDeque::size (17 bytes)
Event: 9.641 Thread 0x0000011fec79beb0 6788       4       java.nio.file.FileTreeWalker$Event::<init> (9 bytes)
Event: 9.642 Thread 0x0000011fa5320e00 nmethod 7063% 0x0000011f91aa7808 code [0x0000011f91aa79a0, 0x0000011f91aa8220]
Event: 9.642 Thread 0x0000011fa5320350 nmethod 6911 0x0000011f990b3388 code [0x0000011f990b3480, 0x0000011f990b3528]
Event: 9.642 Thread 0x0000011fa5320e00 7064 %     3       com.sun.tools.javac.util.Convert::chars2utf @ 12 (159 bytes)
Event: 9.642 Thread 0x0000011fa5320350 6764       4       jdk.nio.zipfs.ZipFileSystemProvider::readAttributes (9 bytes)
Event: 9.642 Thread 0x0000011fa5320e00 nmethod 7064% 0x0000011f91aa6f88 code [0x0000011f91aa70e0, 0x0000011f91aa7610]
Event: 9.642 Thread 0x0000011fa5320e00 7065       1       com.sun.tools.javac.code.Symbol$ClassSymbol::flatName (5 bytes)
Event: 9.642 Thread 0x0000011fa5320e00 nmethod 7065 0x0000011f990b4888 code [0x0000011f990b49a0, 0x0000011f990b4a68]
Event: 9.642 Thread 0x0000011fa5320e00 7066       2       java.util.stream.MatchOps$$Lambda/0x800000050::<init> (15 bytes)
Event: 9.643 Thread 0x0000011fa5320e00 nmethod 7066 0x0000011f917a6388 code [0x0000011f917a64a0, 0x0000011f917a6650]
Event: 9.643 Thread 0x0000011fa5320e00 7067       2       java.util.stream.MatchOps$MatchOp::<init> (20 bytes)
Event: 9.643 Thread 0x0000011fa5320e00 nmethod 7067 0x0000011f91907d88 code [0x0000011f91907ea0, 0x0000011f919080b8]
Event: 9.643 Thread 0x0000011fa5320e00 7068       2       java.util.stream.MatchOps$MatchOp::getOpFlags (8 bytes)
Event: 9.643 Thread 0x0000011fa5320e00 nmethod 7068 0x0000011f915f2308 code [0x0000011f915f2420, 0x0000011f915f2528]
Event: 9.643 Thread 0x0000011fa5320e00 7069       2       java.util.stream.Sink$ChainedReference::begin (11 bytes)
Event: 9.643 Thread 0x0000011fa5320e00 nmethod 7069 0x0000011f915f2008 code [0x0000011f915f2120, 0x0000011f915f2258]
Event: 9.644 Thread 0x0000011fec79beb0 nmethod 6788 0x0000011f990f0a88 code [0x0000011f990f0ba0, 0x0000011f990f0f20]
Event: 9.644 Thread 0x0000011fec79beb0 6765       4       jdk.nio.zipfs.ZipPath::readAttributes (58 bytes)

GC Heap History (20 events):
Event: 4.583 GC heap before
{Heap before GC invocations=7 (full 0):
 garbage-first heap   total reserved 2097152K, committed 37888K, used 27883K [0x0000000080000000, 0x0000000100000000)
  region size 1024K, 16 young (16384K), 2 survivors (2048K)
 Metaspace       used 24505K, committed 24704K, reserved 1114112K
  class space    used 3002K, committed 3072K, reserved 1048576K
}
Event: 4.586 GC heap after
{Heap after GC invocations=8 (full 0):
 garbage-first heap   total reserved 2097152K, committed 37888K, used 14750K [0x0000000080000000, 0x0000000100000000)
  region size 1024K, 1 young (1024K), 1 survivors (1024K)
 Metaspace       used 24505K, committed 24704K, reserved 1114112K
  class space    used 3002K, committed 3072K, reserved 1048576K
}
Event: 5.264 GC heap before
{Heap before GC invocations=8 (full 0):
 garbage-first heap   total reserved 2097152K, committed 37888K, used 30110K [0x0000000080000000, 0x0000000100000000)
  region size 1024K, 16 young (16384K), 1 survivors (1024K)
 Metaspace       used 25144K, committed 25408K, reserved 1114112K
  class space    used 3049K, committed 3136K, reserved 1048576K
}
Event: 5.267 GC heap after
{Heap after GC invocations=9 (full 0):
 garbage-first heap   total reserved 2097152K, committed 37888K, used 15841K [0x0000000080000000, 0x0000000100000000)
  region size 1024K, 2 young (2048K), 2 survivors (2048K)
 Metaspace       used 25144K, committed 25408K, reserved 1114112K
  class space    used 3049K, committed 3136K, reserved 1048576K
}
Event: 6.079 GC heap before
{Heap before GC invocations=9 (full 0):
 garbage-first heap   total reserved 2097152K, committed 37888K, used 31201K [0x0000000080000000, 0x0000000100000000)
  region size 1024K, 17 young (17408K), 2 survivors (2048K)
 Metaspace       used 25362K, committed 25600K, reserved 1114112K
  class space    used 3049K, committed 3136K, reserved 1048576K
}
Event: 6.082 GC heap after
{Heap after GC invocations=10 (full 0):
 garbage-first heap   total reserved 2097152K, committed 37888K, used 16233K [0x0000000080000000, 0x0000000100000000)
  region size 1024K, 2 young (2048K), 2 survivors (2048K)
 Metaspace       used 25362K, committed 25600K, reserved 1114112K
  class space    used 3049K, committed 3136K, reserved 1048576K
}
Event: 8.218 GC heap before
{Heap before GC invocations=10 (full 0):
 garbage-first heap   total reserved 2097152K, committed 37888K, used 31593K [0x0000000080000000, 0x0000000100000000)
  region size 1024K, 17 young (17408K), 2 survivors (2048K)
 Metaspace       used 25598K, committed 25856K, reserved 1114112K
  class space    used 3054K, committed 3136K, reserved 1048576K
}
Event: 8.220 GC heap after
{Heap after GC invocations=11 (full 0):
 garbage-first heap   total reserved 2097152K, committed 37888K, used 16520K [0x0000000080000000, 0x0000000100000000)
  region size 1024K, 2 young (2048K), 2 survivors (2048K)
 Metaspace       used 25598K, committed 25856K, reserved 1114112K
  class space    used 3054K, committed 3136K, reserved 1048576K
}
Event: 8.827 GC heap before
{Heap before GC invocations=11 (full 0):
 garbage-first heap   total reserved 2097152K, committed 37888K, used 30856K [0x0000000080000000, 0x0000000100000000)
  region size 1024K, 17 young (17408K), 2 survivors (2048K)
 Metaspace       used 31673K, committed 32064K, reserved 1114112K
  class space    used 3808K, committed 3968K, reserved 1048576K
}
Event: 8.831 GC heap after
{Heap after GC invocations=12 (full 0):
 garbage-first heap   total reserved 2097152K, committed 37888K, used 18422K [0x0000000080000000, 0x0000000100000000)
  region size 1024K, 3 young (3072K), 3 survivors (3072K)
 Metaspace       used 31673K, committed 32064K, reserved 1114112K
  class space    used 3808K, committed 3968K, reserved 1048576K
}
Event: 9.126 GC heap before
{Heap before GC invocations=12 (full 0):
 garbage-first heap   total reserved 2097152K, committed 37888K, used 29686K [0x0000000080000000, 0x0000000100000000)
  region size 1024K, 15 young (15360K), 3 survivors (3072K)
 Metaspace       used 33206K, committed 33536K, reserved 1114112K
  class space    used 3953K, committed 4096K, reserved 1048576K
}
Event: 9.134 GC heap after
{Heap after GC invocations=13 (full 0):
 garbage-first heap   total reserved 2097152K, committed 40960K, used 24491K [0x0000000080000000, 0x0000000100000000)
  region size 1024K, 2 young (2048K), 2 survivors (2048K)
 Metaspace       used 33206K, committed 33536K, reserved 1114112K
  class space    used 3953K, committed 4096K, reserved 1048576K
}
Event: 9.293 GC heap before
{Heap before GC invocations=13 (full 0):
 garbage-first heap   total reserved 2097152K, committed 40960K, used 33707K [0x0000000080000000, 0x0000000100000000)
  region size 1024K, 11 young (11264K), 2 survivors (2048K)
 Metaspace       used 33892K, committed 34240K, reserved 1114112K
  class space    used 4030K, committed 4160K, reserved 1048576K
}
Event: 9.299 GC heap after
{Heap after GC invocations=14 (full 0):
 garbage-first heap   total reserved 2097152K, committed 49152K, used 28005K [0x0000000080000000, 0x0000000100000000)
  region size 1024K, 2 young (2048K), 2 survivors (2048K)
 Metaspace       used 33892K, committed 34240K, reserved 1114112K
  class space    used 4030K, committed 4160K, reserved 1048576K
}
Event: 9.442 GC heap before
{Heap before GC invocations=15 (full 0):
 garbage-first heap   total reserved 2097152K, committed 49152K, used 38245K [0x0000000080000000, 0x0000000100000000)
  region size 1024K, 13 young (13312K), 2 survivors (2048K)
 Metaspace       used 33928K, committed 34240K, reserved 1114112K
  class space    used 4031K, committed 4160K, reserved 1048576K
}
Event: 9.447 GC heap after
{Heap after GC invocations=16 (full 0):
 garbage-first heap   total reserved 2097152K, committed 49152K, used 31877K [0x0000000080000000, 0x0000000100000000)
  region size 1024K, 2 young (2048K), 2 survivors (2048K)
 Metaspace       used 33928K, committed 34240K, reserved 1114112K
  class space    used 4031K, committed 4160K, reserved 1048576K
}
Event: 9.547 GC heap before
{Heap before GC invocations=16 (full 0):
 garbage-first heap   total reserved 2097152K, committed 49152K, used 41093K [0x0000000080000000, 0x0000000100000000)
  region size 1024K, 11 young (11264K), 2 survivors (2048K)
 Metaspace       used 34064K, committed 34432K, reserved 1114112K
  class space    used 4053K, committed 4224K, reserved 1048576K
}
Event: 9.551 GC heap after
{Heap after GC invocations=17 (full 0):
 garbage-first heap   total reserved 2097152K, committed 49152K, used 34211K [0x0000000080000000, 0x0000000100000000)
  region size 1024K, 2 young (2048K), 2 survivors (2048K)
 Metaspace       used 34064K, committed 34432K, reserved 1114112K
  class space    used 4053K, committed 4224K, reserved 1048576K
}
Event: 9.605 GC heap before
{Heap before GC invocations=17 (full 0):
 garbage-first heap   total reserved 2097152K, committed 49152K, used 42403K [0x0000000080000000, 0x0000000100000000)
  region size 1024K, 10 young (10240K), 2 survivors (2048K)
 Metaspace       used 34182K, committed 34624K, reserved 1114112K
  class space    used 4068K, committed 4288K, reserved 1048576K
}
Event: 9.609 GC heap after
{Heap after GC invocations=18 (full 0):
 garbage-first heap   total reserved 2097152K, committed 49152K, used 35623K [0x0000000080000000, 0x0000000100000000)
  region size 1024K, 2 young (2048K), 2 survivors (2048K)
 Metaspace       used 34182K, committed 34624K, reserved 1114112K
  class space    used 4068K, committed 4288K, reserved 1048576K
}

Dll operation events (10 events):
Event: 0.027 Loaded shared library C:\Program Files\Zulu\zulu-23\bin\java.dll
Event: 0.099 Loaded shared library C:\Program Files\Zulu\zulu-23\bin\jsvml.dll
Event: 0.116 Loaded shared library C:\Program Files\Zulu\zulu-23\bin\net.dll
Event: 0.126 Loaded shared library C:\Program Files\Zulu\zulu-23\bin\nio.dll
Event: 0.132 Loaded shared library C:\Program Files\Zulu\zulu-23\bin\zip.dll
Event: 0.276 Loaded shared library C:\Program Files\Zulu\zulu-23\bin\jimage.dll
Event: 0.282 Loaded shared library C:\Users\VoTha\apache-maven-3.9.9-bin\apache-maven-3.9.9\lib\jansi-native\Windows\x86_64\jansi.dll
Event: 0.302 Loaded shared library C:\Program Files\Zulu\zulu-23\bin\verify.dll
Event: 2.324 Loaded shared library C:\Program Files\Zulu\zulu-23\bin\extnet.dll
Event: 2.399 Loaded shared library C:\Program Files\Zulu\zulu-23\bin\sunmscapi.dll

Deoptimization events (20 events):
Event: 9.492 Thread 0x0000011f88c97560 DEOPT PACKING pc=0x0000011f992f72a4 sp=0x00000015ff6fd350
Event: 9.492 Thread 0x0000011f88c97560 DEOPT UNPACKING pc=0x0000011f98b64402 sp=0x00000015ff6fd308 mode 2
Event: 9.492 Thread 0x0000011f88c97560 Uncommon trap: trap_request=0xffffffc6 fr.pc=0x0000011f992f72a4 relative=0x0000000000000884
Event: 9.492 Thread 0x0000011f88c97560 Uncommon trap: reason=bimorphic_or_optimized_type_check action=maybe_recompile pc=0x0000011f992f72a4 method=java.util.HashMap.computeIfAbsent(Ljava/lang/Object;Ljava/util/function/Function;)Ljava/lang/Object; @ 142 c2
Event: 9.492 Thread 0x0000011f88c97560 DEOPT PACKING pc=0x0000011f992f72a4 sp=0x00000015ff6fd350
Event: 9.492 Thread 0x0000011f88c97560 DEOPT UNPACKING pc=0x0000011f98b64402 sp=0x00000015ff6fd308 mode 2
Event: 9.492 Thread 0x0000011f88c97560 Uncommon trap: trap_request=0xffffffc6 fr.pc=0x0000011f992f72a4 relative=0x0000000000000884
Event: 9.492 Thread 0x0000011f88c97560 Uncommon trap: reason=bimorphic_or_optimized_type_check action=maybe_recompile pc=0x0000011f992f72a4 method=java.util.HashMap.computeIfAbsent(Ljava/lang/Object;Ljava/util/function/Function;)Ljava/lang/Object; @ 142 c2
Event: 9.492 Thread 0x0000011f88c97560 DEOPT PACKING pc=0x0000011f992f72a4 sp=0x00000015ff6fd350
Event: 9.492 Thread 0x0000011f88c97560 DEOPT UNPACKING pc=0x0000011f98b64402 sp=0x00000015ff6fd308 mode 2
Event: 9.526 Thread 0x0000011f88c97560 DEOPT PACKING pc=0x0000011f92027041 sp=0x00000015ff6fcb90
Event: 9.526 Thread 0x0000011f88c97560 DEOPT UNPACKING pc=0x0000011f98b64b22 sp=0x00000015ff6fc050 mode 0
Event: 9.526 Thread 0x0000011f88c97560 DEOPT PACKING pc=0x0000011f920269d0 sp=0x00000015ff6fcb30
Event: 9.526 Thread 0x0000011f88c97560 DEOPT UNPACKING pc=0x0000011f98b64b22 sp=0x00000015ff6fbfd8 mode 0
Event: 9.543 Thread 0x0000011f88c97560 Uncommon trap: trap_request=0xffffff45 fr.pc=0x0000011f990f98a8 relative=0x0000000000003428
Event: 9.543 Thread 0x0000011f88c97560 Uncommon trap: reason=unstable_if action=reinterpret pc=0x0000011f990f98a8 method=java.nio.file.FileTreeWalker.visit(Ljava/nio/file/Path;ZZ)Ljava/nio/file/FileTreeWalker$Event; @ 84 c2
Event: 9.543 Thread 0x0000011f88c97560 DEOPT PACKING pc=0x0000011f990f98a8 sp=0x00000015ff6fd290
Event: 9.543 Thread 0x0000011f88c97560 DEOPT UNPACKING pc=0x0000011f98b64402 sp=0x00000015ff6fd300 mode 2
Event: 9.557 Thread 0x0000011f88c97560 DEOPT PACKING pc=0x0000011f91660a66 sp=0x00000015ff6fc840
Event: 9.557 Thread 0x0000011f88c97560 DEOPT UNPACKING pc=0x0000011f98b64b22 sp=0x00000015ff6fbd30 mode 0

Classes loaded (20 events):
Event: 9.239 Loading class java/nio/file/FileTreeWalker$DirectoryNode
Event: 9.239 Loading class java/nio/file/FileTreeWalker$DirectoryNode done
Event: 9.240 Loading class java/nio/file/FileTreeWalker$Event
Event: 9.240 Loading class java/nio/file/FileTreeWalker$Event done
Event: 9.240 Loading class java/nio/file/FileTreeWalker$EventType
Event: 9.240 Loading class java/nio/file/FileTreeWalker$EventType done
Event: 9.240 Loading class java/nio/file/Files$3
Event: 9.240 Loading class java/nio/file/Files$3 done
Event: 9.240 Loading class java/nio/file/FileVisitResult
Event: 9.240 Loading class java/nio/file/FileVisitResult done
Event: 9.497 Loading class java/nio/file/Files$2
Event: 9.497 Loading class java/nio/file/Files$2 done
Event: 9.497 Loading class java/util/ImmutableCollections$Access
Event: 9.497 Loading class java/util/ImmutableCollections$Access done
Event: 9.497 Loading class java/util/ImmutableCollections$Access$1
Event: 9.497 Loading class jdk/internal/access/JavaUtilCollectionAccess
Event: 9.497 Loading class jdk/internal/access/JavaUtilCollectionAccess done
Event: 9.497 Loading class java/util/ImmutableCollections$Access$1 done
Event: 9.543 Loading class java/nio/file/FileTreeWalker$1
Event: 9.543 Loading class java/nio/file/FileTreeWalker$1 done

Classes unloaded (0 events):
No events

Classes redefined (0 events):
No events

Internal exceptions (20 events):
Event: 9.514 Thread 0x0000011f88c97560 Exception <a 'sun/nio/fs/WindowsException'{0x00000000857fdec0}> (0x00000000857fdec0) 
thrown [s\src\hotspot\share\prims\jni.cpp, line 520]
Event: 9.514 Thread 0x0000011f88c97560 Exception <a 'sun/nio/fs/WindowsException'{0x00000000857fe888}> (0x00000000857fe888) 
thrown [s\src\hotspot\share\prims\jni.cpp, line 520]
Event: 9.515 Thread 0x0000011f88c97560 Exception <a 'sun/nio/fs/WindowsException'{0x0000000085603078}> (0x0000000085603078) 
thrown [s\src\hotspot\share\prims\jni.cpp, line 520]
Event: 9.515 Thread 0x0000011f88c97560 Exception <a 'sun/nio/fs/WindowsException'{0x000000008560bdb8}> (0x000000008560bdb8) 
thrown [s\src\hotspot\share\prims\jni.cpp, line 520]
Event: 9.516 Thread 0x0000011f88c97560 Exception <a 'sun/nio/fs/WindowsException'{0x000000008560c780}> (0x000000008560c780) 
thrown [s\src\hotspot\share\prims\jni.cpp, line 520]
Event: 9.523 Thread 0x0000011f88c97560 Exception <a 'sun/nio/fs/WindowsException'{0x0000000085610dc0}> (0x0000000085610dc0) 
thrown [s\src\hotspot\share\prims\jni.cpp, line 520]
Event: 9.540 Thread 0x0000011f88c97560 Exception <a 'sun/nio/fs/WindowsException'{0x00000000824e52c8}> (0x00000000824e52c8) 
thrown [s\src\hotspot\share\prims\jni.cpp, line 520]
Event: 9.540 Thread 0x0000011f88c97560 Exception <a 'sun/nio/fs/WindowsException'{0x00000000824e5c50}> (0x00000000824e5c50) 
thrown [s\src\hotspot\share\prims\jni.cpp, line 520]
Event: 9.542 Thread 0x0000011f88c97560 Exception <a 'sun/nio/fs/WindowsException'{0x00000000824ea9e0}> (0x00000000824ea9e0) 
thrown [s\src\hotspot\share\prims\jni.cpp, line 520]
Event: 9.542 Thread 0x0000011f88c97560 Exception <a 'sun/nio/fs/WindowsException'{0x00000000824eb610}> (0x00000000824eb610) 
thrown [s\src\hotspot\share\prims\jni.cpp, line 520]
Event: 9.542 Thread 0x0000011f88c97560 Exception <a 'sun/nio/fs/WindowsException'{0x00000000824ebf10}> (0x00000000824ebf10) 
thrown [s\src\hotspot\share\prims\jni.cpp, line 520]
Event: 9.543 Thread 0x0000011f88c97560 Exception <a 'sun/nio/fs/WindowsException'{0x00000000824ef460}> (0x00000000824ef460) 
thrown [s\src\hotspot\share\prims\jni.cpp, line 520]
Event: 9.543 Thread 0x0000011f88c97560 Exception <a 'sun/nio/fs/WindowsException'{0x00000000824f0010}> (0x00000000824f0010) 
thrown [s\src\hotspot\share\prims\jni.cpp, line 520]
Event: 9.544 Thread 0x0000011f88c97560 Exception <a 'sun/nio/fs/WindowsException'{0x00000000824f48e0}> (0x00000000824f48e0) 
thrown [s\src\hotspot\share\prims\jni.cpp, line 520]
Event: 9.545 Thread 0x0000011f88c97560 Exception <a 'sun/nio/fs/WindowsException'{0x00000000824f79c8}> (0x00000000824f79c8) 
thrown [s\src\hotspot\share\prims\jni.cpp, line 520]
Event: 9.552 Thread 0x0000011f88c97560 Exception <a 'sun/nio/fs/WindowsException'{0x0000000085e00d70}> (0x0000000085e00d70) 
thrown [s\src\hotspot\share\prims\jni.cpp, line 520]
Event: 9.552 Thread 0x0000011f88c97560 Exception <a 'sun/nio/fs/WindowsException'{0x0000000085e018f0}> (0x0000000085e018f0) 
thrown [s\src\hotspot\share\prims\jni.cpp, line 520]
Event: 9.552 Thread 0x0000011f88c97560 Exception <a 'sun/nio/fs/WindowsException'{0x0000000085e02658}> (0x0000000085e02658) 
thrown [s\src\hotspot\share\prims\jni.cpp, line 520]
Event: 9.552 Thread 0x0000011f88c97560 Exception <a 'sun/nio/fs/WindowsException'{0x0000000085e032d0}> (0x0000000085e032d0) 
thrown [s\src\hotspot\share\prims\jni.cpp, line 520]
Event: 9.583 Thread 0x0000011f88c97560 Exception <a 'java/lang/NoSuchMethodError'{0x0000000082623900}: 'java.lang.Object java.lang.invoke.DirectMethodHandle$Holder.invokeVirtual(java.lang.Object, java.lang.Object, java.lang.Object, int, int)'> (0x0000000082623900) 
thrown [s\src\hotspot\share\interpreter\linkResolver.cpp, line 796]

VM Operations (20 events):
Event: 9.169 Executing VM operation: HandshakeAllThreads (Deoptimize) done
Event: 9.169 Executing VM operation: HandshakeAllThreads (Deoptimize)
Event: 9.170 Executing VM operation: HandshakeAllThreads (Deoptimize) done
Event: 9.174 Executing VM operation: HandshakeAllThreads (Deoptimize)
Event: 9.174 Executing VM operation: HandshakeAllThreads (Deoptimize) done
Event: 9.229 Executing VM operation: HandshakeAllThreads (Deoptimize)
Event: 9.229 Executing VM operation: HandshakeAllThreads (Deoptimize) done
Event: 9.293 Executing VM operation: G1CollectForAllocation (G1 Evacuation Pause)
Event: 9.299 Executing VM operation: G1CollectForAllocation (G1 Evacuation Pause) done
Event: 9.328 Executing VM operation: G1PauseRemark
Event: 9.337 Executing VM operation: G1PauseRemark done
Event: 9.346 Executing VM operation: G1PauseCleanup
Event: 9.346 Executing VM operation: G1PauseCleanup done
Event: 9.442 Executing VM operation: G1CollectForAllocation (G1 Evacuation Pause)
Event: 9.447 Executing VM operation: G1CollectForAllocation (G1 Evacuation Pause) done
Event: 9.547 Executing VM operation: G1CollectForAllocation (G1 Evacuation Pause)
Event: 9.552 Executing VM operation: G1CollectForAllocation (G1 Evacuation Pause) done
Event: 9.605 Executing VM operation: G1CollectForAllocation (G1 Evacuation Pause)
Event: 9.609 Executing VM operation: G1CollectForAllocation (G1 Evacuation Pause) done
Event: 9.647 Executing VM operation: G1PauseRemark

Memory protections (0 events):
No events

Nmethod flushes (20 events):
Event: 9.653 Thread 0x0000011fa51d6d50 flushing  nmethod 0x0000011f91f97808
Event: 9.653 Thread 0x0000011fa51d6d50 flushing  nmethod 0x0000011f91f98788
Event: 9.653 Thread 0x0000011fa51d6d50 flushing  nmethod 0x0000011f91fb7c88
Event: 9.653 Thread 0x0000011fa51d6d50 flushing  nmethod 0x0000011f91fcc688
Event: 9.653 Thread 0x0000011fa51d6d50 flushing  nmethod 0x0000011f91fcce08
Event: 9.653 Thread 0x0000011fa51d6d50 flushing  nmethod 0x0000011f91fd7788
Event: 9.653 Thread 0x0000011fa51d6d50 flushing  nmethod 0x0000011f91fe1d88
Event: 9.653 Thread 0x0000011fa51d6d50 flushing  nmethod 0x0000011f91fe2e88
Event: 9.653 Thread 0x0000011fa51d6d50 flushing  nmethod 0x0000011f9202e688
Event: 9.653 Thread 0x0000011fa51d6d50 flushing  nmethod 0x0000011f9202ed88
Event: 9.653 Thread 0x0000011fa51d6d50 flushing  nmethod 0x0000011f9202f088
Event: 9.653 Thread 0x0000011fa51d6d50 flushing  nmethod 0x0000011f9202f388
Event: 9.653 Thread 0x0000011fa51d6d50 flushing  nmethod 0x0000011f9204cc88
Event: 9.653 Thread 0x0000011fa51d6d50 flushing  nmethod 0x0000011f9204d008
Event: 9.653 Thread 0x0000011fa51d6d50 flushing  nmethod 0x0000011f9204d588
Event: 9.653 Thread 0x0000011fa51d6d50 flushing  nmethod 0x0000011f92052808
Event: 9.653 Thread 0x0000011fa51d6d50 flushing  nmethod 0x0000011f92052c08
Event: 9.653 Thread 0x0000011fa51d6d50 flushing  nmethod 0x0000011f92055608
Event: 9.653 Thread 0x0000011fa51d6d50 flushing  nmethod 0x0000011f92056308
Event: 9.653 Thread 0x0000011fa51d6d50 flushing  nmethod 0x0000011f92056b88

Events (20 events):
Event: 0.092 Thread 0x0000011f88c97560 Thread added: 0x0000011fa51fa110
Event: 0.093 Thread 0x0000011f88c97560 Thread added: 0x0000011fa5315590
Event: 0.093 Thread 0x0000011f88c97560 Thread added: 0x0000011fa5320350
Event: 0.093 Thread 0x0000011f88c97560 Thread added: 0x0000011fa5320e00
Event: 0.108 Thread 0x0000011f88c97560 Thread added: 0x0000011fa54b45d0
Event: 0.110 Thread 0x0000011f88c97560 Thread added: 0x0000011fa54bcee0
Event: 0.253 Thread 0x0000011fa5320e00 Thread added: 0x0000011fa55d8f60
Event: 0.273 Thread 0x0000011f88c97560 Thread added: 0x0000011feb00a4e0
Event: 0.287 Thread 0x0000011feb00a4e0 Thread exited: 0x0000011feb00a4e0
Event: 1.751 Thread 0x0000011f88c97560 Thread added: 0x0000011febc2f110
Event: 2.406 Thread 0x0000011fa55d8f60 Thread exited: 0x0000011fa55d8f60
Event: 2.417 Thread 0x0000011fa5320e00 Thread added: 0x0000011fa55d8f60
Event: 3.949 Thread 0x0000011fa55d8f60 Thread exited: 0x0000011fa55d8f60
Event: 4.306 Thread 0x0000011f88c97560 Thread added: 0x0000011fec89b4c0
Event: 4.473 Thread 0x0000011fec89b4c0 Thread exited: 0x0000011fec89b4c0
Event: 4.556 Thread 0x0000011fa5320e00 Thread added: 0x0000011febc9d710
Event: 4.733 Thread 0x0000011febc9d710 Thread exited: 0x0000011febc9d710
Event: 4.959 Thread 0x0000011fa5320e00 Thread added: 0x0000011fece95310
Event: 6.187 Thread 0x0000011fece95310 Thread exited: 0x0000011fece95310
Event: 8.943 Thread 0x0000011fa5320350 Thread added: 0x0000011fec79beb0


Dynamic libraries:
0x00007ff79df30000 - 0x00007ff79df3e000 	C:\Program Files\Zulu\zulu-23\bin\java.exe
0x00007ffe87ff0000 - 0x00007ffe881e8000 	C:\WINDOWS\SYSTEM32\ntdll.dll
0x00007ffe87a80000 - 0x00007ffe87b42000 	C:\WINDOWS\System32\KERNEL32.DLL
0x00007ffe856c0000 - 0x00007ffe859bf000 	C:\WINDOWS\System32\KERNELBASE.dll
0x00007ffe85e30000 - 0x00007ffe85f30000 	C:\WINDOWS\System32\ucrtbase.dll
0x00007ffe3fbd0000 - 0x00007ffe3fbe7000 	C:\Program Files\Zulu\zulu-23\bin\jli.dll
0x00007ffe40510000 - 0x00007ffe4052b000 	C:\Program Files\Zulu\zulu-23\bin\VCRUNTIME140.dll
0x00007ffe87d00000 - 0x00007ffe87e9d000 	C:\WINDOWS\System32\USER32.dll
0x00007ffe85690000 - 0x00007ffe856b2000 	C:\WINDOWS\System32\win32u.dll
0x00007ffe831b0000 - 0x00007ffe8344a000 	C:\WINDOWS\WinSxS\amd64_microsoft.windows.common-controls_6595b64144ccf1df_6.0.19041.4355_none_60b8b9eb71f62e16\COMCTL32.dll
0x00007ffe86070000 - 0x00007ffe8609b000 	C:\WINDOWS\System32\GDI32.dll
0x00007ffe87c50000 - 0x00007ffe87cee000 	C:\WINDOWS\System32\msvcrt.dll
0x00007ffe859c0000 - 0x00007ffe85ada000 	C:\WINDOWS\System32\gdi32full.dll
0x00007ffe85ae0000 - 0x00007ffe85b7d000 	C:\WINDOWS\System32\msvcp_win.dll
0x00007ffe87b50000 - 0x00007ffe87b7f000 	C:\WINDOWS\System32\IMM32.DLL
0x0000011f86990000 - 0x0000011f869a6000 	C:\WINDOWS\System32\umppc19508.dll
0x00007ffe85490000 - 0x00007ffe854c8000 	C:\Program Files\Citrix\System32\MfApHook64.dll
0x00007ffe853c0000 - 0x00007ffe853d2000 	C:\Program Files\Citrix\IcaService\FullScreenHook64.dll
0x00007ffe86400000 - 0x00007ffe864af000 	C:\WINDOWS\System32\ADVAPI32.dll
0x00007ffe87850000 - 0x00007ffe878ef000 	C:\WINDOWS\System32\sechost.dll
0x00007ffe87520000 - 0x00007ffe87643000 	C:\WINDOWS\System32\RPCRT4.dll
0x00007ffe85f30000 - 0x00007ffe85f57000 	C:\WINDOWS\System32\bcrypt.dll
0x00007ffe356d0000 - 0x00007ffe3575e000 	C:\Program Files\Zulu\zulu-23\bin\MSVCP140.dll
0x00007ffe563c0000 - 0x00007ffe563cc000 	C:\Program Files\Zulu\zulu-23\bin\VCRUNTIME140_1.dll
0x00007ffe84ee0000 - 0x00007ffe84f0a000 	C:\Program Files\Citrix\ICAService\ShellHook64.dll
0x00007ffe876d0000 - 0x00007ffe87725000 	C:\WINDOWS\System32\SHLWAPI.dll
0x00007ffe84dd0000 - 0x00007ffe84edf000 	C:\Program Files\Citrix\IcaService\SCardHook64.dll
0x00007ffe84d10000 - 0x00007ffe84d30000 	C:\Program Files\Citrix\ICAService\cxinjime64.dll
0x00007ffe84ce0000 - 0x00007ffe84d0d000 	C:\Program Files\Citrix\ICAService\PicaWtsHook64.dll
0x00007ffe08f20000 - 0x00007ffe09cf7000 	C:\Program Files\Zulu\zulu-23\bin\server\jvm.dll
0x00007ffe87ee0000 - 0x00007ffe87f4b000 	C:\WINDOWS\System32\WS2_32.dll
0x00007ffe854f0000 - 0x00007ffe8553b000 	C:\WINDOWS\SYSTEM32\POWRPROF.dll
0x00007ffe7ce50000 - 0x00007ffe7ce77000 	C:\WINDOWS\SYSTEM32\WINMM.dll
0x00007ffe85270000 - 0x00007ffe8527a000 	C:\WINDOWS\SYSTEM32\VERSION.dll
0x00007ffe854d0000 - 0x00007ffe854e2000 	C:\WINDOWS\SYSTEM32\UMPDC.dll
0x00007ffe836c0000 - 0x00007ffe836d2000 	C:\WINDOWS\SYSTEM32\kernel.appcore.dll
0x00007ffe56130000 - 0x00007ffe5613a000 	C:\Program Files\Zulu\zulu-23\bin\jimage.dll
0x00007ffe82cf0000 - 0x00007ffe82ed4000 	C:\WINDOWS\SYSTEM32\DBGHELP.DLL
0x00007ffe6fe40000 - 0x00007ffe6fe74000 	C:\WINDOWS\SYSTEM32\dbgcore.DLL
0x00007ffe85da0000 - 0x00007ffe85e22000 	C:\WINDOWS\System32\bcryptPrimitives.dll
0x00007ffe3f7b0000 - 0x00007ffe3f7ce000 	C:\Program Files\Zulu\zulu-23\bin\java.dll
0x00007ffe87950000 - 0x00007ffe87a7b000 	C:\WINDOWS\System32\ole32.dll
0x00007ffe860a0000 - 0x00007ffe863f5000 	C:\WINDOWS\System32\combase.dll
0x00007ffe86d00000 - 0x00007ffe8746d000 	C:\WINDOWS\System32\SHELL32.dll
0x00007ffe82450000 - 0x00007ffe82bf4000 	C:\WINDOWS\SYSTEM32\windows.storage.dll
0x00007ffe848d0000 - 0x00007ffe848fb000 	C:\WINDOWS\SYSTEM32\Wldp.dll
0x00007ffe87b80000 - 0x00007ffe87c4d000 	C:\WINDOWS\System32\OLEAUT32.dll
0x00007ffe87470000 - 0x00007ffe8751d000 	C:\WINDOWS\System32\SHCORE.dll
0x00007ffe855c0000 - 0x00007ffe855e5000 	C:\WINDOWS\SYSTEM32\profapi.dll
0x00007ffe33ff0000 - 0x00007ffe340c7000 	C:\Program Files\Zulu\zulu-23\bin\jsvml.dll
0x00007ffe56080000 - 0x00007ffe56090000 	C:\Program Files\Zulu\zulu-23\bin\net.dll
0x00007ffe845e0000 - 0x00007ffe8464c000 	C:\WINDOWS\system32\mswsock.dll
0x00007ffe3edd0000 - 0x00007ffe3ede6000 	C:\Program Files\Zulu\zulu-23\bin\nio.dll
0x00007ffe3edb0000 - 0x00007ffe3edc7000 	C:\Program Files\Zulu\zulu-23\bin\zip.dll
0x00007ffe5bb70000 - 0x00007ffe5bb94000 	C:\Users\VoTha\apache-maven-3.9.9-bin\apache-maven-3.9.9\lib\jansi-native\Windows\x86_64\jansi.dll
0x00007ffe80670000 - 0x00007ffe80680000 	C:\Program Files\Zulu\zulu-23\bin\verify.dll
0x00007ffe847e0000 - 0x00007ffe847f8000 	C:\WINDOWS\SYSTEM32\CRYPTSP.dll
0x00007ffe83e00000 - 0x00007ffe83e38000 	C:\WINDOWS\system32\rsaenh.dll
0x00007ffe85580000 - 0x00007ffe855ae000 	C:\WINDOWS\SYSTEM32\USERENV.dll
0x00007ffe847d0000 - 0x00007ffe847dc000 	C:\WINDOWS\SYSTEM32\CRYPTBASE.dll
0x00007ffe842d0000 - 0x00007ffe8430b000 	C:\WINDOWS\SYSTEM32\IPHLPAPI.DLL
0x00007ffe87cf0000 - 0x00007ffe87cf8000 	C:\WINDOWS\System32\NSI.dll
0x00007ffe53000000 - 0x00007ffe53009000 	C:\Program Files\Zulu\zulu-23\bin\extnet.dll
0x00007ffe5d5d0000 - 0x00007ffe5d5de000 	C:\Program Files\Zulu\zulu-23\bin\sunmscapi.dll
0x00007ffe85c40000 - 0x00007ffe85d9c000 	C:\WINDOWS\System32\CRYPT32.dll
0x00007ffe84940000 - 0x00007ffe84967000 	C:\WINDOWS\SYSTEM32\ncrypt.dll
0x00007ffe84900000 - 0x00007ffe8493b000 	C:\WINDOWS\SYSTEM32\NTASN1.dll
0x00007ffe84160000 - 0x00007ffe84193000 	C:\WINDOWS\SYSTEM32\ntmarta.dll

dbghelp: loaded successfully - version: 4.0.5 - missing functions: none
symbol engine: initialized successfully - sym options: 0x614 - pdb path: .;C:\Program Files\Zulu\zulu-23\bin;C:\WINDOWS\SYSTEM32;C:\WINDOWS\WinSxS\amd64_microsoft.windows.common-controls_6595b64144ccf1df_6.0.19041.4355_none_60b8b9eb71f62e16;C:\Program Files\Citrix\System32;C:\Program Files\Citrix\IcaService;C:\Program Files\Zulu\zulu-23\bin\server;C:\Users\VoTha\apache-maven-3.9.9-bin\apache-maven-3.9.9\lib\jansi-native\Windows\x86_64

VM Arguments:
jvm_args: -Dclassworlds.conf=C:\Users\VoTha\apache-maven-3.9.9-bin\apache-maven-3.9.9\bin\m2.conf -Dmaven.home=C:\Users\VoTha\apache-maven-3.9.9-bin\apache-maven-3.9.9 -Dlibrary.jansi.path=C:\Users\VoTha\apache-maven-3.9.9-bin\apache-maven-3.9.9\lib\jansi-native -Dmaven.multiModuleProjectDirectory=C:\Users\VoTha\Desktop\Playwright\forward-plus-automation 
java_command: org.codehaus.plexus.classworlds.launcher.Launcher clean test -Dtest=SimpleTest#simpleTest
java_class_path (initial): C:\Users\VoTha\apache-maven-3.9.9-bin\apache-maven-3.9.9\boot\plexus-classworlds-2.8.0.jar
Launcher Type: SUN_STANDARD

[Global flags]
     intx CICompilerCount                          = 3                                         {product} {ergonomic}
     uint ConcGCThreads                            = 1                                         {product} {ergonomic}
     uint G1ConcRefinementThreads                  = 4                                         {product} {ergonomic}
   size_t G1HeapRegionSize                         = 1048576                                   {product} {ergonomic}
   size_t InitialHeapSize                          = 134217728                                 {product} {ergonomic}
   size_t MarkStackSize                            = 4194304                                   {product} {ergonomic}
   size_t MarkStackSizeMax                         = 536870912                                 {product} {ergonomic}
   size_t MaxHeapSize                              = 2147483648                                {product} {ergonomic}
   size_t MaxNewSize                               = 1287651328                                {product} {ergonomic}
   size_t MinHeapDeltaBytes                        = 1048576                                   {product} {ergonomic}
   size_t MinHeapSize                              = 8388608                                   {product} {ergonomic}
    uintx NonNMethodCodeHeapSize                   = 5832704                                {pd product} {ergonomic}
    uintx NonProfiledCodeHeapSize                  = 122945536                              {pd product} {ergonomic}
    uintx ProfiledCodeHeapSize                     = 122880000                              {pd product} {ergonomic}
    uintx ReservedCodeCacheSize                    = 251658240                              {pd product} {ergonomic}
     bool SegmentedCodeCache                       = true                                      {product} {ergonomic}
   size_t SoftMaxHeapSize                          = 2147483648                             {manageable} {ergonomic}
     bool UseCompressedOops                        = true                           {product lp64_product} {ergonomic}
     bool UseG1GC                                  = true                                      {product} {ergonomic}
     bool UseLargePagesIndividualAllocation        = false                                  {pd product} {ergonomic}

Logging:
Log output configuration:
 #0: stdout all=warning uptime,level,tags foldmultilines=false
 #1: stderr all=off uptime,level,tags foldmultilines=false

Environment Variables:
JAVA_HOME=C:\Program Files\Zulu\zulu-23
PATH=C:\Program Files\Zulu\zulu-23\bin\;C:\Program Files\Python37\Scripts\;C:\Program Files\Python37\;C:\Program Files (x86)\Common Files\Oracle\Java\javapath;C:\WINDOWS\system32;C:\WINDOWS;C:\WINDOWS\System32\Wbem;C:\WINDOWS\System32\WindowsPowerShell\v1.0\;C:\WINDOWS\System32\OpenSSH\;C:\Program Files (x86)\Box\Box Edit\;C:\Program Files\Citrix\System32\;C:\Program Files\Citrix\ICAService\;C:\Program Files\Citrix\Virtual Desktop Agent\;C:\Program Files\TortoiseSVN\bin;C:\Program Files (x86)\Microsoft SQL Server\150\DTS\Binn\;C:\Program Files\Azure Data Studio\bin;C:\Program Files\PuTTY\;C:\Program Files\Git\cmd;C:\Program Files\Microsoft VS Code\bin;C:\Users\VoTha\AppData\Local\Microsoft\WindowsApps;C:\Users\VoTha\apache-maven-3.9.9-bin\apache-maven-3.9.9\bin;C:\Program Files\Zulu\zulu-23\bin;?C:\Users\VoTha\allure-2.32.0\bin;
USERNAME=VoTha
LANG=en_US.UTF-8
OS=Windows_NT
PROCESSOR_IDENTIFIER=Intel64 Family 6 Model 45 Stepping 2, GenuineIntel
TMP=C:\Users\VoTha\AppData\Local\Temp
TEMP=C:\Users\VoTha\AppData\Local\Temp




Periodic native trim disabled

---------------  S Y S T E M  ---------------

OS:
 Windows 10 , 64 bit Build 19041 (10.0.19041.5438)
OS uptime: 13 days 2:08 hours
VMWare virtualization detected

CPU: total 4 (initial active 4) (2 cores per cpu, 1 threads per core) family 6 model 45 stepping 2 microcode 0x2b000571, cx8, cmov, fxsr, mmx, sse, sse2, sse3, ssse3, sse4.1, sse4.2, popcnt, tsc, tscinvbit, avx, aes, clmul, vzeroupper, clflush, hv, rdtscp
Processor Information for the first 4 processors :
  Max Mhz: 2600, Current Mhz: 2600, Mhz Limit: 2600

Memory: 4k page, system-wide physical 8191M (397M free)
TotalPageFile size 18254M (AvailPageFile size 5M)
current process WorkingSet (physical memory assigned to process): 189M, peak: 196M
current process commit charge ("private bytes"): 212M, peak: 255M

vm_info: OpenJDK 64-Bit Server VM (23.0.2+7) for windows-amd64 JRE (23.0.2+7) (Zulu23.32+11-CA), built on 2024-12-23T17:34:43Z with MS VC++ 17.1 (VS2022)

END.
